==========================================================================================
Information: 
Exchange parameters generated by TB2J 0.7.7.2
Generation time: 23/12/15 20:56:44
 Input from collinear Wannier90 data.
 Tight binding data from ./. 
 Prefix of wannier function files:cucrse.102.up and cucrse.102.down.
Warning: Please check if the noise level of Wannier function Hamiltonian to make sure it is much smaller than the exchange values.

==========================================================================================
Cell (Angstrom):
3.70627495  -0.00000000  0.00000000
-1.85313747  3.20972826  0.00000000
0.00000000  0.00000000  24.28541500

==========================================================================================
Atoms:  
(Note: charge and magmoms only count the wannier functions.)
Atom number        x             y             z       w_charge  w_magmom 
Cr1             1.85313933    1.06990835    1.30310299    4.6110    3.0782
Cr2            -0.00000185    2.13981991    7.88061912    4.5220    2.9594
Cu1             1.85313933    1.06990835    4.12403538    9.7808   -0.0878
Se1             0.00000000    0.00000000   -0.03742126    4.9641   -0.2352
Se2             1.85313933    1.06990835    6.46217252    5.0275   -0.2140
Se3             0.00000000    0.00000000    9.26484594    4.8737   -0.2832
Se4            -0.00000185    2.13981991    2.87804048    5.2175   -0.1018
Total                                                    38.9967    5.1156

==========================================================================================
Orbitals used in decomposition: 
The name of the orbitals for the decomposition: 
Cr1 : ['orb_1', 'orb_2', 'orb_3', 'orb_4', 'orb_5']
Cr2 : ['orb_1', 'orb_2', 'orb_3', 'orb_4', 'orb_5']

==========================================================================================
Exchange: 
    i      j          R        J_iso(meV)          vector          distance(A) 
----------------------------------------------------------------------------------------
   Cr1   Cr1   (  0,   1,   0)  6.4110   (-1.853,  3.210,  0.000)  3.706 
J_iso:  6.4110 
----------------------------------------------------------------------------------------
   Cr1   Cr1   (  0,  -1,   0)  6.4110   ( 1.853, -3.210,  0.000)  3.706 
J_iso:  6.4110 
----------------------------------------------------------------------------------------
   Cr2   Cr2   (  0,  -1,   0)  4.8111   ( 1.853, -3.210,  0.000)  3.706 
J_iso:  4.8111 
----------------------------------------------------------------------------------------
   Cr2   Cr2   (  0,   1,   0)  4.8111   (-1.853,  3.210,  0.000)  3.706 
J_iso:  4.8111 
----------------------------------------------------------------------------------------
   Cr1   Cr1   ( -1,  -1,   0)  6.3614   (-1.853, -3.210,  0.000)  3.706 
J_iso:  6.3614 
----------------------------------------------------------------------------------------
   Cr2   Cr2   ( -1,  -1,   0)  4.7682   (-1.853, -3.210,  0.000)  3.706 
J_iso:  4.7682 
----------------------------------------------------------------------------------------
   Cr1   Cr1   (  1,   1,   0)  6.3614   ( 1.853,  3.210,  0.000)  3.706 
J_iso:  6.3614 
----------------------------------------------------------------------------------------
   Cr2   Cr2   (  1,   1,   0)  4.7682   ( 1.853,  3.210,  0.000)  3.706 
J_iso:  4.7682 
----------------------------------------------------------------------------------------
   Cr1   Cr1   ( -1,   0,   0)  6.2233   (-3.706,  0.000,  0.000)  3.706 
J_iso:  6.2233 
----------------------------------------------------------------------------------------
   Cr2   Cr2   ( -1,   0,   0)  4.6852   (-3.706,  0.000,  0.000)  3.706 
J_iso:  4.6852 
----------------------------------------------------------------------------------------
   Cr1   Cr1   (  1,   0,   0)  6.2233   ( 3.706,  0.000,  0.000)  3.706 
J_iso:  6.2233 
----------------------------------------------------------------------------------------
   Cr2   Cr2   (  1,   0,   0)  4.6852   ( 3.706,  0.000,  0.000)  3.706 
J_iso:  4.6852 
----------------------------------------------------------------------------------------
   Cr2   Cr2   ( -1,  -2,   0)  1.2044   (-0.000, -6.419,  0.000)  6.419 
J_iso:  1.2044 
----------------------------------------------------------------------------------------
   Cr1   Cr1   ( -1,  -2,   0)  0.7334   (-0.000, -6.419,  0.000)  6.419 
J_iso:  0.7334 
----------------------------------------------------------------------------------------
   Cr1   Cr1   (  1,   2,   0)  0.7334   ( 0.000,  6.419,  0.000)  6.419 
J_iso:  0.7334 
----------------------------------------------------------------------------------------
   Cr2   Cr2   (  1,   2,   0)  1.2044   ( 0.000,  6.419,  0.000)  6.419 
J_iso:  1.2044 
----------------------------------------------------------------------------------------
   Cr1   Cr1   ( -1,   1,   0)  0.7593   (-5.559,  3.210,  0.000)  6.419 
J_iso:  0.7593 
----------------------------------------------------------------------------------------
   Cr2   Cr2   ( -1,   1,   0)  1.2069   (-5.559,  3.210,  0.000)  6.419 
J_iso:  1.2069 
----------------------------------------------------------------------------------------
   Cr1   Cr1   (  1,  -1,   0)  0.7593   ( 5.559, -3.210,  0.000)  6.419 
J_iso:  0.7593 
----------------------------------------------------------------------------------------
   Cr2   Cr2   (  1,  -1,   0)  1.2069   ( 5.559, -3.210,  0.000)  6.419 
J_iso:  1.2069 
----------------------------------------------------------------------------------------
   Cr1   Cr1   (  2,   1,   0)  0.7453   ( 5.559,  3.210,  0.000)  6.419 
J_iso:  0.7453 
----------------------------------------------------------------------------------------
   Cr1   Cr1   ( -2,  -1,   0)  0.7453   (-5.559, -3.210,  0.000)  6.419 
J_iso:  0.7453 
----------------------------------------------------------------------------------------
   Cr2   Cr2   ( -2,  -1,   0)  1.0985   (-5.559, -3.210,  0.000)  6.419 
J_iso:  1.0985 
----------------------------------------------------------------------------------------
   Cr2   Cr2   (  2,   1,   0)  1.0985   ( 5.559,  3.210,  0.000)  6.419 
J_iso:  1.0985 
----------------------------------------------------------------------------------------
   Cr1   Cr2   (  0,  -1,   0)  0.9726   (-0.000, -2.140,  6.578)  6.917 
J_iso:  0.9726 
----------------------------------------------------------------------------------------
   Cr2   Cr1   (  0,   1,   0)  0.9726   ( 0.000,  2.140, -6.578)  6.917 
J_iso:  0.9726 
----------------------------------------------------------------------------------------
   Cr2   Cr1   ( -1,   0,   0)  0.8986   (-1.853, -1.070, -6.578)  6.917 
J_iso:  0.8986 
----------------------------------------------------------------------------------------
   Cr1   Cr2   (  1,   0,   0)  0.8986   ( 1.853,  1.070,  6.578)  6.917 
J_iso:  0.8986 
----------------------------------------------------------------------------------------
   Cr1   Cr2   (  0,   0,   0)  0.9346   (-1.853,  1.070,  6.578)  6.917 
J_iso:  0.9346 
----------------------------------------------------------------------------------------
   Cr2   Cr1   (  0,   0,   0)  0.9346   ( 1.853, -1.070, -6.578)  6.917 
J_iso:  0.9346 
----------------------------------------------------------------------------------------
   Cr2   Cr2   (  0,  -2,   0)  0.4621   ( 3.706, -6.419,  0.000)  7.413 
J_iso:  0.4621 
----------------------------------------------------------------------------------------
   Cr1   Cr1   (  0,  -2,   0) -0.4174   ( 3.706, -6.419,  0.000)  7.413 
J_iso: -0.4174 
----------------------------------------------------------------------------------------
   Cr1   Cr1   (  0,   2,   0) -0.4174   (-3.706,  6.419,  0.000)  7.413 
J_iso: -0.4174 
----------------------------------------------------------------------------------------
   Cr2   Cr2   (  0,   2,   0)  0.4621   (-3.706,  6.419,  0.000)  7.413 
J_iso:  0.4621 
----------------------------------------------------------------------------------------
   Cr1   Cr1   ( -2,  -2,   0) -0.4188   (-3.706, -6.419,  0.000)  7.413 
J_iso: -0.4188 
----------------------------------------------------------------------------------------
   Cr2   Cr2   ( -2,  -2,   0)  0.3563   (-3.706, -6.419,  0.000)  7.413 
J_iso:  0.3563 
----------------------------------------------------------------------------------------
   Cr1   Cr1   (  2,   2,   0) -0.4188   ( 3.706,  6.419,  0.000)  7.413 
J_iso: -0.4188 
----------------------------------------------------------------------------------------
   Cr2   Cr2   (  2,   2,   0)  0.3563   ( 3.706,  6.419,  0.000)  7.413 
J_iso:  0.3563 
----------------------------------------------------------------------------------------
   Cr1   Cr1   ( -2,   0,   0) -0.3827   (-7.413,  0.000,  0.000)  7.413 
J_iso: -0.3827 
----------------------------------------------------------------------------------------
   Cr2   Cr2   ( -2,   0,   0)  0.3810   (-7.413,  0.000,  0.000)  7.413 
J_iso:  0.3810 
----------------------------------------------------------------------------------------
   Cr2   Cr2   (  2,   0,   0)  0.3810   ( 7.413,  0.000,  0.000)  7.413 
J_iso:  0.3810 
----------------------------------------------------------------------------------------
   Cr1   Cr1   (  2,   0,   0) -0.3827   ( 7.413,  0.000,  0.000)  7.413 
J_iso: -0.3827 
----------------------------------------------------------------------------------------
   Cr2   Cr1   ( -1,   1,   0) -0.5688   (-3.706,  2.140, -6.578)  7.847 
J_iso: -0.5688 
----------------------------------------------------------------------------------------
   Cr1   Cr2   (  1,  -1,   0) -0.5688   ( 3.706, -2.140,  6.578)  7.847 
J_iso: -0.5688 
----------------------------------------------------------------------------------------
   Cr2   Cr1   ( -1,  -1,   0) -0.5608   ( 0.000, -4.280, -6.578)  7.847 
J_iso: -0.5608 
----------------------------------------------------------------------------------------
   Cr1   Cr2   (  1,   1,   0) -0.5608   (-0.000,  4.280,  6.578)  7.847 
J_iso: -0.5608 
----------------------------------------------------------------------------------------
   Cr1   Cr2   ( -1,  -1,   0) -0.5663   (-3.706, -2.140,  6.578)  7.847 
J_iso: -0.5663 
----------------------------------------------------------------------------------------
   Cr2   Cr1   (  1,   1,   0) -0.5663   ( 3.706,  2.140, -6.578)  7.847 
J_iso: -0.5663 
----------------------------------------------------------------------------------------
   Cr1   Cr2   (  0,  -2,   0)  0.1889   ( 1.853, -5.350,  6.578)  8.678 
J_iso:  0.1889 
----------------------------------------------------------------------------------------
   Cr2   Cr1   (  0,   2,   0)  0.1889   (-1.853,  5.350, -6.578)  8.678 
J_iso:  0.1889 
----------------------------------------------------------------------------------------
   Cr2   Cr1   ( -2,   0,   0)  0.2018   (-5.559, -1.070, -6.578)  8.678 
J_iso:  0.2018 
----------------------------------------------------------------------------------------
   Cr1   Cr2   (  2,   0,   0)  0.2018   ( 5.559,  1.070,  6.578)  8.678 
J_iso:  0.2018 
----------------------------------------------------------------------------------------
   Cr1   Cr2   ( -1,  -2,   0)  0.1916   (-1.853, -5.350,  6.578)  8.678 
J_iso:  0.1916 
----------------------------------------------------------------------------------------
   Cr2   Cr1   (  1,   2,   0)  0.1916   ( 1.853,  5.350, -6.578)  8.678 
J_iso:  0.1916 
----------------------------------------------------------------------------------------
   Cr2   Cr1   ( -2,  -1,   0)  0.1970   (-3.706, -4.280, -6.578)  8.678 
J_iso:  0.1970 
----------------------------------------------------------------------------------------
   Cr1   Cr2   (  2,   1,   0)  0.1970   ( 3.706,  4.280,  6.578)  8.678 
J_iso:  0.1970 
----------------------------------------------------------------------------------------
   Cr2   Cr1   (  0,  -1,   0)  0.1805   ( 3.706, -4.280, -6.578)  8.678 
J_iso:  0.1805 
----------------------------------------------------------------------------------------
   Cr1   Cr2   (  0,   1,   0)  0.1805   (-3.706,  4.280,  6.578)  8.678 
J_iso:  0.1805 
----------------------------------------------------------------------------------------
   Cr1   Cr2   ( -1,   0,   0)  0.1881   (-5.559,  1.070,  6.578)  8.678 
J_iso:  0.1881 
----------------------------------------------------------------------------------------
   Cr2   Cr1   (  1,   0,   0)  0.1881   ( 5.559, -1.070, -6.578)  8.678 
J_iso:  0.1881 
----------------------------------------------------------------------------------------
   Cr1   Cr1   ( -1,  -3,   0)  0.0584   ( 1.853, -9.629,  0.000)  9.806 
J_iso:  0.0584 
----------------------------------------------------------------------------------------
   Cr2   Cr2   ( -1,  -3,   0)  0.3150   ( 1.853, -9.629,  0.000)  9.806 
J_iso:  0.3150 
----------------------------------------------------------------------------------------
   Cr1   Cr1   (  1,   3,   0)  0.0584   (-1.853,  9.629,  0.000)  9.806 
J_iso:  0.0584 
----------------------------------------------------------------------------------------
   Cr2   Cr2   (  1,   3,   0)  0.3150   (-1.853,  9.629,  0.000)  9.806 
J_iso:  0.3150 
----------------------------------------------------------------------------------------
   Cr1   Cr1   ( -1,   2,   0)  0.0628   (-7.413,  6.419,  0.000)  9.806 
J_iso:  0.0628 
----------------------------------------------------------------------------------------
   Cr2   Cr2   ( -1,   2,   0)  0.3192   (-7.413,  6.419,  0.000)  9.806 
J_iso:  0.3192 
----------------------------------------------------------------------------------------
   Cr1   Cr1   (  1,  -2,   0)  0.0628   ( 7.413, -6.419,  0.000)  9.806 
J_iso:  0.0628 
----------------------------------------------------------------------------------------
   Cr2   Cr2   (  1,  -2,   0)  0.3192   ( 7.413, -6.419,  0.000)  9.806 
J_iso:  0.3192 
----------------------------------------------------------------------------------------
   Cr1   Cr1   ( -2,  -3,   0)  0.0632   (-1.853, -9.629,  0.000)  9.806 
J_iso:  0.0632 
----------------------------------------------------------------------------------------
   Cr2   Cr2   ( -2,  -3,   0)  0.3421   (-1.853, -9.629,  0.000)  9.806 
J_iso:  0.3421 
----------------------------------------------------------------------------------------
   Cr1   Cr1   (  2,   3,   0)  0.0632   ( 1.853,  9.629,  0.000)  9.806 
J_iso:  0.0632 
----------------------------------------------------------------------------------------
   Cr2   Cr2   (  2,   3,   0)  0.3421   ( 1.853,  9.629,  0.000)  9.806 
J_iso:  0.3421 
----------------------------------------------------------------------------------------
   Cr1   Cr1   ( -2,   1,   0)  0.0641   (-9.266,  3.210,  0.000)  9.806 
J_iso:  0.0641 
----------------------------------------------------------------------------------------
   Cr2   Cr2   ( -2,   1,   0)  0.3432   (-9.266,  3.210,  0.000)  9.806 
J_iso:  0.3432 
----------------------------------------------------------------------------------------
   Cr1   Cr1   (  2,  -1,   0)  0.0641   ( 9.266, -3.210,  0.000)  9.806 
J_iso:  0.0641 
----------------------------------------------------------------------------------------
   Cr2   Cr2   (  2,  -1,   0)  0.3432   ( 9.266, -3.210,  0.000)  9.806 
J_iso:  0.3432 
----------------------------------------------------------------------------------------
   Cr1   Cr1   ( -3,  -2,   0)  0.0574   (-7.413, -6.419,  0.000)  9.806 
J_iso:  0.0574 
----------------------------------------------------------------------------------------
   Cr2   Cr2   ( -3,  -2,   0)  0.2951   (-7.413, -6.419,  0.000)  9.806 
J_iso:  0.2951 
----------------------------------------------------------------------------------------
   Cr1   Cr1   (  3,   2,   0)  0.0574   ( 7.413,  6.419,  0.000)  9.806 
J_iso:  0.0574 
----------------------------------------------------------------------------------------
   Cr2   Cr2   (  3,   2,   0)  0.2951   ( 7.413,  6.419,  0.000)  9.806 
J_iso:  0.2951 
----------------------------------------------------------------------------------------
   Cr1   Cr1   ( -3,  -1,   0)  0.0515   (-9.266, -3.210,  0.000)  9.806 
J_iso:  0.0515 
----------------------------------------------------------------------------------------
   Cr2   Cr2   ( -3,  -1,   0)  0.2881   (-9.266, -3.210,  0.000)  9.806 
J_iso:  0.2881 
----------------------------------------------------------------------------------------
   Cr1   Cr1   (  3,   1,   0)  0.0515   ( 9.266,  3.210,  0.000)  9.806 
J_iso:  0.0515 
----------------------------------------------------------------------------------------
   Cr2   Cr2   (  3,   1,   0)  0.2881   ( 9.266,  3.210,  0.000)  9.806 
J_iso:  0.2881 
