==========================================================================================
Information: 
Exchange parameters generated by TB2J 0.7.7.2
Generation time: 23/12/15 20:04:34
 Input from collinear Wannier90 data.
 Tight binding data from ./. 
 Prefix of wannier function files:cucrse.96.up and cucrse.96.down.
Warning: Please check if the noise level of Wannier function Hamiltonian to make sure it is much smaller than the exchange values.

==========================================================================================
Cell (Angstrom):
3.48825878  -0.00000000  0.00000000
-1.74412939  3.02092072  0.00000000
0.00000000  0.00000000  24.28541500

==========================================================================================
Atoms:  
(Note: charge and magmoms only count the wannier functions.)
Atom number        x             y             z       w_charge  w_magmom 
Cr1             1.74413113    1.00697257    1.30310299    4.7251    2.9055
Cr2            -0.00000174    2.01394815    7.88061912    4.6457    2.7454
Cu1             1.74413113    1.00697257    4.12403538    9.7876   -0.0454
Se1             0.00000000    0.00000000   -0.03742126    4.8992   -0.1426
Se2             1.74413113    1.00697257    6.46217252    4.9537   -0.1164
Se3             0.00000000    0.00000000    9.26484594    4.8213   -0.1603
Se4            -0.00000174    2.01394815    2.87804048    5.1690   -0.0295
Total                                                    39.0016    5.1568

==========================================================================================
Orbitals used in decomposition: 
The name of the orbitals for the decomposition: 
Cr1 : ['orb_1', 'orb_2', 'orb_3', 'orb_4', 'orb_5']
Cr2 : ['orb_1', 'orb_2', 'orb_3', 'orb_4', 'orb_5']

==========================================================================================
Exchange: 
    i      j          R        J_iso(meV)          vector          distance(A) 
----------------------------------------------------------------------------------------
   Cr1   Cr1   (  0,  -1,   0) -0.8147   ( 1.744, -3.021,  0.000)  3.488 
J_iso: -0.8147 
----------------------------------------------------------------------------------------
   Cr2   Cr2   (  0,  -1,   0) -1.3076   ( 1.744, -3.021,  0.000)  3.488 
J_iso: -1.3076 
----------------------------------------------------------------------------------------
   Cr1   Cr1   (  0,   1,   0) -0.8147   (-1.744,  3.021,  0.000)  3.488 
J_iso: -0.8147 
----------------------------------------------------------------------------------------
   Cr2   Cr2   (  0,   1,   0) -1.3076   (-1.744,  3.021,  0.000)  3.488 
J_iso: -1.3076 
----------------------------------------------------------------------------------------
   Cr1   Cr1   ( -1,  -1,   0) -0.8106   (-1.744, -3.021,  0.000)  3.488 
J_iso: -0.8106 
----------------------------------------------------------------------------------------
   Cr2   Cr2   ( -1,  -1,   0) -1.4378   (-1.744, -3.021,  0.000)  3.488 
J_iso: -1.4378 
----------------------------------------------------------------------------------------
   Cr1   Cr1   (  1,   1,   0) -0.8106   ( 1.744,  3.021,  0.000)  3.488 
J_iso: -0.8106 
----------------------------------------------------------------------------------------
   Cr2   Cr2   (  1,   1,   0) -1.4378   ( 1.744,  3.021,  0.000)  3.488 
J_iso: -1.4378 
----------------------------------------------------------------------------------------
   Cr1   Cr1   ( -1,   0,   0) -0.7807   (-3.488,  0.000,  0.000)  3.488 
J_iso: -0.7807 
----------------------------------------------------------------------------------------
   Cr2   Cr2   ( -1,   0,   0) -1.4243   (-3.488,  0.000,  0.000)  3.488 
J_iso: -1.4243 
----------------------------------------------------------------------------------------
   Cr2   Cr2   (  1,   0,   0) -1.4243   ( 3.488,  0.000,  0.000)  3.488 
J_iso: -1.4243 
----------------------------------------------------------------------------------------
   Cr1   Cr1   (  1,   0,   0) -0.7807   ( 3.488,  0.000,  0.000)  3.488 
J_iso: -0.7807 
----------------------------------------------------------------------------------------
   Cr1   Cr1   ( -1,  -2,   0)  1.1624   (-0.000, -6.042,  0.000)  6.042 
J_iso:  1.1624 
----------------------------------------------------------------------------------------
   Cr2   Cr2   ( -1,  -2,   0)  1.2150   (-0.000, -6.042,  0.000)  6.042 
J_iso:  1.2150 
----------------------------------------------------------------------------------------
   Cr1   Cr1   (  1,   2,   0)  1.1624   ( 0.000,  6.042,  0.000)  6.042 
J_iso:  1.1624 
----------------------------------------------------------------------------------------
   Cr2   Cr2   (  1,   2,   0)  1.2150   ( 0.000,  6.042,  0.000)  6.042 
J_iso:  1.2150 
----------------------------------------------------------------------------------------
   Cr1   Cr1   ( -1,   1,   0)  1.3399   (-5.232,  3.021,  0.000)  6.042 
J_iso:  1.3399 
----------------------------------------------------------------------------------------
   Cr2   Cr2   ( -1,   1,   0)  1.3529   (-5.232,  3.021,  0.000)  6.042 
J_iso:  1.3529 
----------------------------------------------------------------------------------------
   Cr1   Cr1   (  1,  -1,   0)  1.3399   ( 5.232, -3.021,  0.000)  6.042 
J_iso:  1.3399 
----------------------------------------------------------------------------------------
   Cr2   Cr2   (  1,  -1,   0)  1.3529   ( 5.232, -3.021,  0.000)  6.042 
J_iso:  1.3529 
----------------------------------------------------------------------------------------
   Cr1   Cr1   ( -2,  -1,   0)  1.3357   (-5.232, -3.021,  0.000)  6.042 
J_iso:  1.3357 
----------------------------------------------------------------------------------------
   Cr2   Cr2   ( -2,  -1,   0)  1.1494   (-5.232, -3.021,  0.000)  6.042 
J_iso:  1.1494 
----------------------------------------------------------------------------------------
   Cr1   Cr1   (  2,   1,   0)  1.3357   ( 5.232,  3.021,  0.000)  6.042 
J_iso:  1.3357 
----------------------------------------------------------------------------------------
   Cr2   Cr2   (  2,   1,   0)  1.1494   ( 5.232,  3.021,  0.000)  6.042 
J_iso:  1.1494 
----------------------------------------------------------------------------------------
   Cr1   Cr2   (  0,  -1,   0)  0.7840   (-0.000, -2.014,  6.578)  6.879 
J_iso:  0.7840 
----------------------------------------------------------------------------------------
   Cr2   Cr1   (  0,   1,   0)  0.7840   ( 0.000,  2.014, -6.578)  6.879 
J_iso:  0.7840 
----------------------------------------------------------------------------------------
   Cr2   Cr1   ( -1,   0,   0)  0.7346   (-1.744, -1.007, -6.578)  6.879 
J_iso:  0.7346 
----------------------------------------------------------------------------------------
   Cr1   Cr2   (  1,   0,   0)  0.7346   ( 1.744,  1.007,  6.578)  6.879 
J_iso:  0.7346 
----------------------------------------------------------------------------------------
   Cr1   Cr2   (  0,   0,   0)  0.7954   (-1.744,  1.007,  6.578)  6.879 
J_iso:  0.7954 
----------------------------------------------------------------------------------------
   Cr2   Cr1   (  0,   0,   0)  0.7954   ( 1.744, -1.007, -6.578)  6.879 
J_iso:  0.7954 
----------------------------------------------------------------------------------------
   Cr2   Cr2   (  0,  -2,   0)  0.0137   ( 3.488, -6.042,  0.000)  6.977 
J_iso:  0.0137 
----------------------------------------------------------------------------------------
   Cr1   Cr1   (  0,   2,   0) -0.8328   (-3.488,  6.042,  0.000)  6.977 
J_iso: -0.8328 
----------------------------------------------------------------------------------------
   Cr2   Cr2   (  0,   2,   0)  0.0137   (-3.488,  6.042,  0.000)  6.977 
J_iso:  0.0137 
----------------------------------------------------------------------------------------
   Cr1   Cr1   (  0,  -2,   0) -0.8328   ( 3.488, -6.042,  0.000)  6.977 
J_iso: -0.8328 
----------------------------------------------------------------------------------------
   Cr1   Cr1   ( -2,  -2,   0) -0.8596   (-3.488, -6.042,  0.000)  6.977 
J_iso: -0.8596 
----------------------------------------------------------------------------------------
   Cr2   Cr2   ( -2,  -2,   0) -0.1217   (-3.488, -6.042,  0.000)  6.977 
J_iso: -0.1217 
----------------------------------------------------------------------------------------
   Cr2   Cr2   (  2,   2,   0) -0.1217   ( 3.488,  6.042,  0.000)  6.977 
J_iso: -0.1217 
----------------------------------------------------------------------------------------
   Cr1   Cr1   (  2,   2,   0) -0.8596   ( 3.488,  6.042,  0.000)  6.977 
J_iso: -0.8596 
----------------------------------------------------------------------------------------
   Cr1   Cr1   ( -2,   0,   0) -0.9975   (-6.977,  0.000,  0.000)  6.977 
J_iso: -0.9975 
----------------------------------------------------------------------------------------
   Cr2   Cr2   ( -2,   0,   0) -0.0330   (-6.977,  0.000,  0.000)  6.977 
J_iso: -0.0330 
----------------------------------------------------------------------------------------
   Cr1   Cr1   (  2,   0,   0) -0.9975   ( 6.977,  0.000,  0.000)  6.977 
J_iso: -0.9975 
----------------------------------------------------------------------------------------
   Cr2   Cr2   (  2,   0,   0) -0.0330   ( 6.977,  0.000,  0.000)  6.977 
J_iso: -0.0330 
----------------------------------------------------------------------------------------
   Cr2   Cr1   ( -1,   1,   0) -0.6257   (-3.488,  2.014, -6.578)  7.713 
J_iso: -0.6257 
----------------------------------------------------------------------------------------
   Cr1   Cr2   (  1,  -1,   0) -0.6257   ( 3.488, -2.014,  6.578)  7.713 
J_iso: -0.6257 
----------------------------------------------------------------------------------------
   Cr2   Cr1   ( -1,  -1,   0) -0.6070   ( 0.000, -4.028, -6.578)  7.713 
J_iso: -0.6070 
----------------------------------------------------------------------------------------
   Cr1   Cr2   (  1,   1,   0) -0.6070   (-0.000,  4.028,  6.578)  7.713 
J_iso: -0.6070 
----------------------------------------------------------------------------------------
   Cr1   Cr2   ( -1,  -1,   0) -0.6158   (-3.488, -2.014,  6.578)  7.713 
J_iso: -0.6158 
----------------------------------------------------------------------------------------
   Cr2   Cr1   (  1,   1,   0) -0.6158   ( 3.488,  2.014, -6.578)  7.713 
J_iso: -0.6158 
----------------------------------------------------------------------------------------
   Cr1   Cr2   (  0,  -2,   0)  0.3217   ( 1.744, -5.035,  6.578)  8.465 
J_iso:  0.3217 
----------------------------------------------------------------------------------------
   Cr2   Cr1   (  0,   2,   0)  0.3217   (-1.744,  5.035, -6.578)  8.465 
J_iso:  0.3217 
----------------------------------------------------------------------------------------
   Cr2   Cr1   ( -2,   0,   0)  0.3508   (-5.232, -1.007, -6.578)  8.465 
J_iso:  0.3508 
----------------------------------------------------------------------------------------
   Cr1   Cr2   (  2,   0,   0)  0.3508   ( 5.232,  1.007,  6.578)  8.465 
J_iso:  0.3508 
----------------------------------------------------------------------------------------
   Cr1   Cr2   ( -1,  -2,   0)  0.3424   (-1.744, -5.035,  6.578)  8.465 
J_iso:  0.3424 
----------------------------------------------------------------------------------------
   Cr2   Cr1   (  1,   2,   0)  0.3424   ( 1.744,  5.035, -6.578)  8.465 
J_iso:  0.3424 
----------------------------------------------------------------------------------------
   Cr1   Cr2   (  2,   1,   0)  0.3559   ( 3.488,  4.028,  6.578)  8.465 
J_iso:  0.3559 
----------------------------------------------------------------------------------------
   Cr2   Cr1   ( -2,  -1,   0)  0.3559   (-3.488, -4.028, -6.578)  8.465 
J_iso:  0.3559 
----------------------------------------------------------------------------------------
   Cr2   Cr1   (  0,  -1,   0)  0.3212   ( 3.488, -4.028, -6.578)  8.465 
J_iso:  0.3212 
----------------------------------------------------------------------------------------
   Cr1   Cr2   (  0,   1,   0)  0.3212   (-3.488,  4.028,  6.578)  8.465 
J_iso:  0.3212 
----------------------------------------------------------------------------------------
   Cr1   Cr2   ( -1,   0,   0)  0.3391   (-5.232,  1.007,  6.578)  8.465 
J_iso:  0.3391 
----------------------------------------------------------------------------------------
   Cr2   Cr1   (  1,   0,   0)  0.3391   ( 5.232, -1.007, -6.578)  8.465 
J_iso:  0.3391 
----------------------------------------------------------------------------------------
   Cr1   Cr1   ( -1,  -3,   0)  0.1475   ( 1.744, -9.063,  0.000)  9.229 
J_iso:  0.1475 
----------------------------------------------------------------------------------------
   Cr2   Cr2   ( -1,  -3,   0)  0.5017   ( 1.744, -9.063,  0.000)  9.229 
J_iso:  0.5017 
----------------------------------------------------------------------------------------
   Cr1   Cr1   (  1,   3,   0)  0.1475   (-1.744,  9.063,  0.000)  9.229 
J_iso:  0.1475 
----------------------------------------------------------------------------------------
   Cr2   Cr2   (  1,   3,   0)  0.5017   (-1.744,  9.063,  0.000)  9.229 
J_iso:  0.5017 
----------------------------------------------------------------------------------------
   Cr1   Cr1   ( -1,   2,   0)  0.1260   (-6.977,  6.042,  0.000)  9.229 
J_iso:  0.1260 
----------------------------------------------------------------------------------------
   Cr2   Cr2   ( -1,   2,   0)  0.5252   (-6.977,  6.042,  0.000)  9.229 
J_iso:  0.5252 
----------------------------------------------------------------------------------------
   Cr1   Cr1   (  1,  -2,   0)  0.1260   ( 6.977, -6.042,  0.000)  9.229 
J_iso:  0.1260 
----------------------------------------------------------------------------------------
   Cr2   Cr2   (  1,  -2,   0)  0.5252   ( 6.977, -6.042,  0.000)  9.229 
J_iso:  0.5252 
----------------------------------------------------------------------------------------
   Cr1   Cr1   ( -2,  -3,   0)  0.1418   (-1.744, -9.063,  0.000)  9.229 
J_iso:  0.1418 
----------------------------------------------------------------------------------------
   Cr2   Cr2   ( -2,  -3,   0)  0.5107   (-1.744, -9.063,  0.000)  9.229 
J_iso:  0.5107 
----------------------------------------------------------------------------------------
   Cr1   Cr1   (  2,   3,   0)  0.1418   ( 1.744,  9.063,  0.000)  9.229 
J_iso:  0.1418 
----------------------------------------------------------------------------------------
   Cr2   Cr2   (  2,   3,   0)  0.5107   ( 1.744,  9.063,  0.000)  9.229 
J_iso:  0.5107 
----------------------------------------------------------------------------------------
   Cr1   Cr1   ( -2,   1,   0)  0.1568   (-8.721,  3.021,  0.000)  9.229 
J_iso:  0.1568 
----------------------------------------------------------------------------------------
   Cr2   Cr2   ( -2,   1,   0)  0.5256   (-8.721,  3.021,  0.000)  9.229 
J_iso:  0.5256 
----------------------------------------------------------------------------------------
   Cr1   Cr1   (  2,  -1,   0)  0.1568   ( 8.721, -3.021,  0.000)  9.229 
J_iso:  0.1568 
----------------------------------------------------------------------------------------
   Cr2   Cr2   (  2,  -1,   0)  0.5256   ( 8.721, -3.021,  0.000)  9.229 
J_iso:  0.5256 
----------------------------------------------------------------------------------------
   Cr1   Cr1   ( -3,  -2,   0)  0.1260   (-6.977, -6.042,  0.000)  9.229 
J_iso:  0.1260 
----------------------------------------------------------------------------------------
   Cr2   Cr2   ( -3,  -2,   0)  0.4571   (-6.977, -6.042,  0.000)  9.229 
J_iso:  0.4571 
----------------------------------------------------------------------------------------
   Cr1   Cr1   (  3,   2,   0)  0.1260   ( 6.977,  6.042,  0.000)  9.229 
J_iso:  0.1260 
----------------------------------------------------------------------------------------
   Cr2   Cr2   (  3,   2,   0)  0.4571   ( 6.977,  6.042,  0.000)  9.229 
J_iso:  0.4571 
----------------------------------------------------------------------------------------
   Cr1   Cr1   ( -3,  -1,   0)  0.1686   (-8.721, -3.021,  0.000)  9.229 
J_iso:  0.1686 
----------------------------------------------------------------------------------------
   Cr2   Cr2   ( -3,  -1,   0)  0.4611   (-8.721, -3.021,  0.000)  9.229 
J_iso:  0.4611 
----------------------------------------------------------------------------------------
   Cr1   Cr1   (  3,   1,   0)  0.1686   ( 8.721,  3.021,  0.000)  9.229 
J_iso:  0.1686 
----------------------------------------------------------------------------------------
   Cr2   Cr2   (  3,   1,   0)  0.4611   ( 8.721,  3.021,  0.000)  9.229 
J_iso:  0.4611 
----------------------------------------------------------------------------------------
   Cr2   Cr1   ( -1,   2,   0)  0.1220   (-5.232,  5.035, -6.578)  9.798 
J_iso:  0.1220 
----------------------------------------------------------------------------------------
   Cr1   Cr2   (  1,  -2,   0)  0.1220   ( 5.232, -5.035,  6.578)  9.798 
J_iso:  0.1220 
----------------------------------------------------------------------------------------
   Cr2   Cr1   ( -2,   1,   0)  0.1111   (-6.977,  2.014, -6.578)  9.798 
J_iso:  0.1111 
----------------------------------------------------------------------------------------
   Cr1   Cr2   (  2,  -1,   0)  0.1111   ( 6.977, -2.014,  6.578)  9.798 
J_iso:  0.1111 
----------------------------------------------------------------------------------------
   Cr2   Cr1   ( -2,  -2,   0)  0.1078   (-1.744, -7.049, -6.578)  9.798 
J_iso:  0.1078 
----------------------------------------------------------------------------------------
   Cr1   Cr2   (  2,   2,   0)  0.1078   ( 1.744,  7.049,  6.578)  9.798 
J_iso:  0.1078 
----------------------------------------------------------------------------------------
   Cr1   Cr2   ( -2,  -2,   0)  0.1218   (-5.232, -5.035,  6.578)  9.798 
J_iso:  0.1218 
----------------------------------------------------------------------------------------
   Cr2   Cr1   (  2,   2,   0)  0.1218   ( 5.232,  5.035, -6.578)  9.798 
J_iso:  0.1218 
----------------------------------------------------------------------------------------
   Cr2   Cr1   ( -1,  -2,   0)  0.1107   ( 1.744, -7.049, -6.578)  9.798 
J_iso:  0.1107 
----------------------------------------------------------------------------------------
   Cr1   Cr2   (  1,   2,   0)  0.1107   (-1.744,  7.049,  6.578)  9.798 
J_iso:  0.1107 
----------------------------------------------------------------------------------------
   Cr1   Cr2   ( -2,  -1,   0)  0.1240   (-6.977, -2.014,  6.578)  9.798 
J_iso:  0.1240 
----------------------------------------------------------------------------------------
   Cr2   Cr1   (  2,   1,   0)  0.1240   ( 6.977,  2.014, -6.578)  9.798 
J_iso:  0.1240 
