==========================================================================================
Information: 
Exchange parameters generated by TB2J 0.7.7.2
Generation time: 23/12/15 21:21:38
 Input from collinear Wannier90 data.
 Tight binding data from ./. 
 Prefix of wannier function files:cucrse.105.up and cucrse.105.down.
Warning: Please check if the noise level of Wannier function Hamiltonian to make sure it is much smaller than the exchange values.

==========================================================================================
Cell (Angstrom):
3.81528304  -0.00000000  0.00000000
-1.90764152  3.30413203  0.00000000
0.00000000  0.00000000  24.28541500

==========================================================================================
Atoms:  
(Note: charge and magmoms only count the wannier functions.)
Atom number        x             y             z       w_charge  w_magmom 
Cr1             1.90764343    1.10137624    1.30310299    4.5906    3.1817
Cr2            -0.00000191    2.20275579    7.88061912    4.4872    3.0683
Cu1             1.90764343    1.10137624    4.12403538    9.7817   -0.0985
Se1             0.00000000    0.00000000   -0.03742126    4.9993   -0.2795
Se2             1.90764343    1.10137624    6.46217252    5.0559   -0.2435
Se3             0.00000000    0.00000000    9.26484594    4.8916   -0.3519
Se4            -0.00000191    2.20275579    2.87804048    5.2380   -0.1135
Total                                                    39.0444    5.1632

==========================================================================================
Orbitals used in decomposition: 
The name of the orbitals for the decomposition: 
Cr1 : ['orb_1', 'orb_2', 'orb_3', 'orb_4', 'orb_5']
Cr2 : ['orb_1', 'orb_2', 'orb_3', 'orb_4', 'orb_5']

==========================================================================================
Exchange: 
    i      j          R        J_iso(meV)          vector          distance(A) 
----------------------------------------------------------------------------------------
   Cr1   Cr1   (  0,  -1,   0)  7.2077   ( 1.908, -3.304,  0.000)  3.815 
J_iso:  7.2077 
----------------------------------------------------------------------------------------
   Cr2   Cr2   (  0,  -1,   0)  5.8333   ( 1.908, -3.304,  0.000)  3.815 
J_iso:  5.8333 
----------------------------------------------------------------------------------------
   Cr1   Cr1   (  0,   1,   0)  7.2077   (-1.908,  3.304,  0.000)  3.815 
J_iso:  7.2077 
----------------------------------------------------------------------------------------
   Cr2   Cr2   (  0,   1,   0)  5.8333   (-1.908,  3.304,  0.000)  3.815 
J_iso:  5.8333 
----------------------------------------------------------------------------------------
   Cr1   Cr1   ( -1,  -1,   0)  7.1864   (-1.908, -3.304,  0.000)  3.815 
J_iso:  7.1864 
----------------------------------------------------------------------------------------
   Cr2   Cr2   ( -1,  -1,   0)  5.8517   (-1.908, -3.304,  0.000)  3.815 
J_iso:  5.8517 
----------------------------------------------------------------------------------------
   Cr1   Cr1   (  1,   1,   0)  7.1864   ( 1.908,  3.304,  0.000)  3.815 
J_iso:  7.1864 
----------------------------------------------------------------------------------------
   Cr2   Cr2   (  1,   1,   0)  5.8517   ( 1.908,  3.304,  0.000)  3.815 
J_iso:  5.8517 
----------------------------------------------------------------------------------------
   Cr1   Cr1   ( -1,   0,   0)  7.1779   (-3.815,  0.000,  0.000)  3.815 
J_iso:  7.1779 
----------------------------------------------------------------------------------------
   Cr2   Cr2   ( -1,   0,   0)  5.8356   (-3.815,  0.000,  0.000)  3.815 
J_iso:  5.8356 
----------------------------------------------------------------------------------------
   Cr2   Cr2   (  1,   0,   0)  5.8356   ( 3.815,  0.000,  0.000)  3.815 
J_iso:  5.8356 
----------------------------------------------------------------------------------------
   Cr1   Cr1   (  1,   0,   0)  7.1779   ( 3.815,  0.000,  0.000)  3.815 
J_iso:  7.1779 
----------------------------------------------------------------------------------------
   Cr1   Cr1   ( -1,  -2,   0)  0.5784   (-0.000, -6.608,  0.000)  6.608 
J_iso:  0.5784 
----------------------------------------------------------------------------------------
   Cr2   Cr2   ( -1,  -2,   0)  0.9874   (-0.000, -6.608,  0.000)  6.608 
J_iso:  0.9874 
----------------------------------------------------------------------------------------
   Cr1   Cr1   (  1,   2,   0)  0.5784   ( 0.000,  6.608,  0.000)  6.608 
J_iso:  0.5784 
----------------------------------------------------------------------------------------
   Cr2   Cr2   (  1,   2,   0)  0.9874   ( 0.000,  6.608,  0.000)  6.608 
J_iso:  0.9874 
----------------------------------------------------------------------------------------
   Cr1   Cr1   ( -1,   1,   0)  0.5686   (-5.723,  3.304,  0.000)  6.608 
J_iso:  0.5686 
----------------------------------------------------------------------------------------
   Cr2   Cr2   ( -1,   1,   0)  0.9791   (-5.723,  3.304,  0.000)  6.608 
J_iso:  0.9791 
----------------------------------------------------------------------------------------
   Cr1   Cr1   (  1,  -1,   0)  0.5686   ( 5.723, -3.304,  0.000)  6.608 
J_iso:  0.5686 
----------------------------------------------------------------------------------------
   Cr2   Cr2   (  1,  -1,   0)  0.9791   ( 5.723, -3.304,  0.000)  6.608 
J_iso:  0.9791 
----------------------------------------------------------------------------------------
   Cr1   Cr1   ( -2,  -1,   0)  0.5742   (-5.723, -3.304,  0.000)  6.608 
J_iso:  0.5742 
----------------------------------------------------------------------------------------
   Cr2   Cr2   ( -2,  -1,   0)  0.9748   (-5.723, -3.304,  0.000)  6.608 
J_iso:  0.9748 
----------------------------------------------------------------------------------------
   Cr1   Cr1   (  2,   1,   0)  0.5742   ( 5.723,  3.304,  0.000)  6.608 
J_iso:  0.5742 
----------------------------------------------------------------------------------------
   Cr2   Cr2   (  2,   1,   0)  0.9748   ( 5.723,  3.304,  0.000)  6.608 
J_iso:  0.9748 
----------------------------------------------------------------------------------------
   Cr1   Cr2   (  0,  -1,   0)  0.7328   (-0.000, -2.203,  6.578)  6.937 
J_iso:  0.7328 
----------------------------------------------------------------------------------------
   Cr2   Cr1   (  0,   1,   0)  0.7328   ( 0.000,  2.203, -6.578)  6.937 
J_iso:  0.7328 
----------------------------------------------------------------------------------------
   Cr2   Cr1   ( -1,   0,   0)  0.7356   (-1.908, -1.101, -6.578)  6.937 
J_iso:  0.7356 
----------------------------------------------------------------------------------------
   Cr1   Cr2   (  1,   0,   0)  0.7356   ( 1.908,  1.101,  6.578)  6.937 
J_iso:  0.7356 
----------------------------------------------------------------------------------------
   Cr1   Cr2   (  0,   0,   0)  0.7319   (-1.908,  1.101,  6.578)  6.937 
J_iso:  0.7319 
----------------------------------------------------------------------------------------
   Cr2   Cr1   (  0,   0,   0)  0.7319   ( 1.908, -1.101, -6.578)  6.937 
J_iso:  0.7319 
----------------------------------------------------------------------------------------
   Cr1   Cr1   (  0,  -2,   0) -0.3720   ( 3.815, -6.608,  0.000)  7.631 
J_iso: -0.3720 
----------------------------------------------------------------------------------------
   Cr2   Cr2   (  0,  -2,   0)  0.2469   ( 3.815, -6.608,  0.000)  7.631 
J_iso:  0.2469 
----------------------------------------------------------------------------------------
   Cr1   Cr1   (  0,   2,   0) -0.3720   (-3.815,  6.608,  0.000)  7.631 
J_iso: -0.3720 
----------------------------------------------------------------------------------------
   Cr2   Cr2   (  0,   2,   0)  0.2469   (-3.815,  6.608,  0.000)  7.631 
J_iso:  0.2469 
----------------------------------------------------------------------------------------
   Cr1   Cr1   ( -2,  -2,   0) -0.3638   (-3.815, -6.608,  0.000)  7.631 
J_iso: -0.3638 
----------------------------------------------------------------------------------------
   Cr2   Cr2   ( -2,  -2,   0)  0.2333   (-3.815, -6.608,  0.000)  7.631 
J_iso:  0.2333 
----------------------------------------------------------------------------------------
   Cr1   Cr1   (  2,   2,   0) -0.3638   ( 3.815,  6.608,  0.000)  7.631 
J_iso: -0.3638 
----------------------------------------------------------------------------------------
   Cr2   Cr2   (  2,   2,   0)  0.2333   ( 3.815,  6.608,  0.000)  7.631 
J_iso:  0.2333 
----------------------------------------------------------------------------------------
   Cr1   Cr1   ( -2,   0,   0) -0.3728   (-7.631,  0.000,  0.000)  7.631 
J_iso: -0.3728 
----------------------------------------------------------------------------------------
   Cr2   Cr2   ( -2,   0,   0)  0.2507   (-7.631,  0.000,  0.000)  7.631 
J_iso:  0.2507 
----------------------------------------------------------------------------------------
   Cr2   Cr2   (  2,   0,   0)  0.2507   ( 7.631,  0.000,  0.000)  7.631 
J_iso:  0.2507 
----------------------------------------------------------------------------------------
   Cr1   Cr1   (  2,   0,   0) -0.3728   ( 7.631,  0.000,  0.000)  7.631 
J_iso: -0.3728 
----------------------------------------------------------------------------------------
   Cr2   Cr1   ( -1,   1,   0) -0.6767   (-3.815,  2.203, -6.578)  7.917 
J_iso: -0.6767 
----------------------------------------------------------------------------------------
   Cr1   Cr2   (  1,  -1,   0) -0.6767   ( 3.815, -2.203,  6.578)  7.917 
J_iso: -0.6767 
----------------------------------------------------------------------------------------
   Cr2   Cr1   ( -1,  -1,   0) -0.6790   ( 0.000, -4.406, -6.578)  7.917 
J_iso: -0.6790 
----------------------------------------------------------------------------------------
   Cr1   Cr2   (  1,   1,   0) -0.6790   (-0.000,  4.406,  6.578)  7.917 
J_iso: -0.6790 
----------------------------------------------------------------------------------------
   Cr1   Cr2   ( -1,  -1,   0) -0.6754   (-3.815, -2.203,  6.578)  7.917 
J_iso: -0.6754 
----------------------------------------------------------------------------------------
   Cr2   Cr1   (  1,   1,   0) -0.6754   ( 3.815,  2.203, -6.578)  7.917 
J_iso: -0.6754 
----------------------------------------------------------------------------------------
   Cr1   Cr2   (  0,  -2,   0)  0.0947   ( 1.908, -5.507,  6.578)  8.788 
J_iso:  0.0947 
----------------------------------------------------------------------------------------
   Cr2   Cr1   (  0,   2,   0)  0.0947   (-1.908,  5.507, -6.578)  8.788 
J_iso:  0.0947 
----------------------------------------------------------------------------------------
   Cr2   Cr1   ( -2,   0,   0)  0.0932   (-5.723, -1.101, -6.578)  8.788 
J_iso:  0.0932 
----------------------------------------------------------------------------------------
   Cr1   Cr2   (  2,   0,   0)  0.0932   ( 5.723,  1.101,  6.578)  8.788 
J_iso:  0.0932 
----------------------------------------------------------------------------------------
   Cr1   Cr2   ( -1,  -2,   0)  0.0970   (-1.908, -5.507,  6.578)  8.788 
J_iso:  0.0970 
----------------------------------------------------------------------------------------
   Cr2   Cr1   (  1,   2,   0)  0.0970   ( 1.908,  5.507, -6.578)  8.788 
J_iso:  0.0970 
----------------------------------------------------------------------------------------
   Cr2   Cr1   ( -2,  -1,   0)  0.0939   (-3.815, -4.406, -6.578)  8.788 
J_iso:  0.0939 
----------------------------------------------------------------------------------------
   Cr1   Cr2   (  2,   1,   0)  0.0939   ( 3.815,  4.406,  6.578)  8.788 
J_iso:  0.0939 
----------------------------------------------------------------------------------------
   Cr2   Cr1   (  0,  -1,   0)  0.0937   ( 3.815, -4.406, -6.578)  8.788 
J_iso:  0.0937 
----------------------------------------------------------------------------------------
   Cr1   Cr2   (  0,   1,   0)  0.0937   (-3.815,  4.406,  6.578)  8.788 
J_iso:  0.0937 
----------------------------------------------------------------------------------------
   Cr1   Cr2   ( -1,   0,   0)  0.0958   (-5.723,  1.101,  6.578)  8.788 
J_iso:  0.0958 
----------------------------------------------------------------------------------------
   Cr2   Cr1   (  1,   0,   0)  0.0958   ( 5.723, -1.101, -6.578)  8.788 
J_iso:  0.0958 
