==========================================================================================
Information: 
Exchange parameters generated by TB2J 0.7.7.2
Generation time: 23/12/15 20:47:53
 Input from collinear Wannier90 data.
 Tight binding data from ./. 
 Prefix of wannier function files:cucrse.101.up and cucrse.101.down.
Warning: Please check if the noise level of Wannier function Hamiltonian to make sure it is much smaller than the exchange values.

==========================================================================================
Cell (Angstrom):
3.66993892  -0.00000000  0.00000000
-1.83496946  3.17826034  0.00000000
0.00000000  0.00000000  24.28541500

==========================================================================================
Atoms:  
(Note: charge and magmoms only count the wannier functions.)
Atom number        x             y             z       w_charge  w_magmom 
Cr1             1.83497130    1.05941905    1.30310299    4.6289    3.0510
Cr2            -0.00000183    2.11884128    7.88061912    4.5462    2.9270
Cu1             1.83497130    1.05941905    4.12403538    9.7833   -0.0805
Se1             0.00000000    0.00000000   -0.03742126    4.9548   -0.2170
Se2             1.83497130    1.05941905    6.46217252    5.0197   -0.1965
Se3             0.00000000    0.00000000    9.26484594    4.8685   -0.2582
Se4            -0.00000183    2.11884128    2.87804048    5.2134   -0.0919
Total                                                    39.0149    5.1337

==========================================================================================
Orbitals used in decomposition: 
The name of the orbitals for the decomposition: 
Cr1 : ['orb_1', 'orb_2', 'orb_3', 'orb_4', 'orb_5']
Cr2 : ['orb_1', 'orb_2', 'orb_3', 'orb_4', 'orb_5']

==========================================================================================
Exchange: 
    i      j          R        J_iso(meV)          vector          distance(A) 
----------------------------------------------------------------------------------------
   Cr1   Cr1   (  0,  -1,   0)  5.7577   ( 1.835, -3.178,  0.000)  3.670 
J_iso:  5.7577 
----------------------------------------------------------------------------------------
   Cr2   Cr2   (  0,  -1,   0)  4.2706   ( 1.835, -3.178,  0.000)  3.670 
J_iso:  4.2706 
----------------------------------------------------------------------------------------
   Cr1   Cr1   (  0,   1,   0)  5.7577   (-1.835,  3.178,  0.000)  3.670 
J_iso:  5.7577 
----------------------------------------------------------------------------------------
   Cr2   Cr2   (  0,   1,   0)  4.2706   (-1.835,  3.178,  0.000)  3.670 
J_iso:  4.2706 
----------------------------------------------------------------------------------------
   Cr1   Cr1   ( -1,  -1,   0)  5.6905   (-1.835, -3.178,  0.000)  3.670 
J_iso:  5.6905 
----------------------------------------------------------------------------------------
   Cr2   Cr2   ( -1,  -1,   0)  4.2103   (-1.835, -3.178,  0.000)  3.670 
J_iso:  4.2103 
----------------------------------------------------------------------------------------
   Cr1   Cr1   (  1,   1,   0)  5.6905   ( 1.835,  3.178,  0.000)  3.670 
J_iso:  5.6905 
----------------------------------------------------------------------------------------
   Cr2   Cr2   (  1,   1,   0)  4.2103   ( 1.835,  3.178,  0.000)  3.670 
J_iso:  4.2103 
----------------------------------------------------------------------------------------
   Cr1   Cr1   ( -1,   0,   0)  5.6907   (-3.670,  0.000,  0.000)  3.670 
J_iso:  5.6907 
----------------------------------------------------------------------------------------
   Cr2   Cr2   ( -1,   0,   0)  4.1584   (-3.670,  0.000,  0.000)  3.670 
J_iso:  4.1584 
----------------------------------------------------------------------------------------
   Cr1   Cr1   (  1,   0,   0)  5.6907   ( 3.670,  0.000,  0.000)  3.670 
J_iso:  5.6907 
----------------------------------------------------------------------------------------
   Cr2   Cr2   (  1,   0,   0)  4.1584   ( 3.670,  0.000,  0.000)  3.670 
J_iso:  4.1584 
----------------------------------------------------------------------------------------
   Cr1   Cr1   ( -1,  -2,   0)  0.8056   (-0.000, -6.357,  0.000)  6.357 
J_iso:  0.8056 
----------------------------------------------------------------------------------------
   Cr2   Cr2   ( -1,  -2,   0)  1.2289   (-0.000, -6.357,  0.000)  6.357 
J_iso:  1.2289 
----------------------------------------------------------------------------------------
   Cr1   Cr1   (  1,   2,   0)  0.8056   ( 0.000,  6.357,  0.000)  6.357 
J_iso:  0.8056 
----------------------------------------------------------------------------------------
   Cr2   Cr2   (  1,   2,   0)  1.2289   ( 0.000,  6.357,  0.000)  6.357 
J_iso:  1.2289 
----------------------------------------------------------------------------------------
   Cr1   Cr1   ( -1,   1,   0)  0.7940   (-5.505,  3.178,  0.000)  6.357 
J_iso:  0.7940 
----------------------------------------------------------------------------------------
   Cr2   Cr2   ( -1,   1,   0)  1.2219   (-5.505,  3.178,  0.000)  6.357 
J_iso:  1.2219 
----------------------------------------------------------------------------------------
   Cr1   Cr1   (  1,  -1,   0)  0.7940   ( 5.505, -3.178,  0.000)  6.357 
J_iso:  0.7940 
----------------------------------------------------------------------------------------
   Cr2   Cr2   (  1,  -1,   0)  1.2219   ( 5.505, -3.178,  0.000)  6.357 
J_iso:  1.2219 
----------------------------------------------------------------------------------------
   Cr1   Cr1   ( -2,  -1,   0)  0.7769   (-5.505, -3.178,  0.000)  6.357 
J_iso:  0.7769 
----------------------------------------------------------------------------------------
   Cr2   Cr2   ( -2,  -1,   0)  1.0896   (-5.505, -3.178,  0.000)  6.357 
J_iso:  1.0896 
----------------------------------------------------------------------------------------
   Cr1   Cr1   (  2,   1,   0)  0.7769   ( 5.505,  3.178,  0.000)  6.357 
J_iso:  0.7769 
----------------------------------------------------------------------------------------
   Cr2   Cr2   (  2,   1,   0)  1.0896   ( 5.505,  3.178,  0.000)  6.357 
J_iso:  1.0896 
----------------------------------------------------------------------------------------
   Cr1   Cr2   (  0,  -1,   0)  1.0411   (-0.000, -2.119,  6.578)  6.910 
J_iso:  1.0411 
----------------------------------------------------------------------------------------
   Cr2   Cr1   (  0,   1,   0)  1.0411   ( 0.000,  2.119, -6.578)  6.910 
J_iso:  1.0411 
----------------------------------------------------------------------------------------
   Cr2   Cr1   ( -1,   0,   0)  1.0039   (-1.835, -1.059, -6.578)  6.910 
J_iso:  1.0039 
----------------------------------------------------------------------------------------
   Cr1   Cr2   (  1,   0,   0)  1.0039   ( 1.835,  1.059,  6.578)  6.910 
J_iso:  1.0039 
----------------------------------------------------------------------------------------
   Cr1   Cr2   (  0,   0,   0)  1.0404   (-1.835,  1.059,  6.578)  6.910 
J_iso:  1.0404 
----------------------------------------------------------------------------------------
   Cr2   Cr1   (  0,   0,   0)  1.0404   ( 1.835, -1.059, -6.578)  6.910 
J_iso:  1.0404 
----------------------------------------------------------------------------------------
   Cr1   Cr1   (  0,  -2,   0) -0.4806   ( 3.670, -6.357,  0.000)  7.340 
J_iso: -0.4806 
----------------------------------------------------------------------------------------
   Cr2   Cr2   (  0,  -2,   0)  0.4166   ( 3.670, -6.357,  0.000)  7.340 
J_iso:  0.4166 
----------------------------------------------------------------------------------------
   Cr1   Cr1   (  0,   2,   0) -0.4806   (-3.670,  6.357,  0.000)  7.340 
J_iso: -0.4806 
----------------------------------------------------------------------------------------
   Cr2   Cr2   (  0,   2,   0)  0.4166   (-3.670,  6.357,  0.000)  7.340 
J_iso:  0.4166 
----------------------------------------------------------------------------------------
   Cr1   Cr1   ( -2,  -2,   0) -0.4761   (-3.670, -6.357,  0.000)  7.340 
J_iso: -0.4761 
----------------------------------------------------------------------------------------
   Cr2   Cr2   ( -2,  -2,   0)  0.3137   (-3.670, -6.357,  0.000)  7.340 
J_iso:  0.3137 
----------------------------------------------------------------------------------------
   Cr1   Cr1   (  2,   2,   0) -0.4761   ( 3.670,  6.357,  0.000)  7.340 
J_iso: -0.4761 
----------------------------------------------------------------------------------------
   Cr2   Cr2   (  2,   2,   0)  0.3137   ( 3.670,  6.357,  0.000)  7.340 
J_iso:  0.3137 
----------------------------------------------------------------------------------------
   Cr1   Cr1   ( -2,   0,   0) -0.4861   (-7.340,  0.000,  0.000)  7.340 
J_iso: -0.4861 
----------------------------------------------------------------------------------------
   Cr2   Cr2   ( -2,   0,   0)  0.3282   (-7.340,  0.000,  0.000)  7.340 
J_iso:  0.3282 
----------------------------------------------------------------------------------------
   Cr1   Cr1   (  2,   0,   0) -0.4861   ( 7.340,  0.000,  0.000)  7.340 
J_iso: -0.4861 
----------------------------------------------------------------------------------------
   Cr2   Cr2   (  2,   0,   0)  0.3282   ( 7.340,  0.000,  0.000)  7.340 
J_iso:  0.3282 
----------------------------------------------------------------------------------------
   Cr2   Cr1   ( -1,   1,   0) -0.5553   (-3.670,  2.119, -6.578)  7.824 
J_iso: -0.5553 
----------------------------------------------------------------------------------------
   Cr1   Cr2   (  1,  -1,   0) -0.5553   ( 3.670, -2.119,  6.578)  7.824 
J_iso: -0.5553 
----------------------------------------------------------------------------------------
   Cr2   Cr1   ( -1,  -1,   0) -0.5581   ( 0.000, -4.238, -6.578)  7.824 
J_iso: -0.5581 
----------------------------------------------------------------------------------------
   Cr1   Cr2   (  1,   1,   0) -0.5581   (-0.000,  4.238,  6.578)  7.824 
J_iso: -0.5581 
----------------------------------------------------------------------------------------
   Cr1   Cr2   ( -1,  -1,   0) -0.5539   (-3.670, -2.119,  6.578)  7.824 
J_iso: -0.5539 
----------------------------------------------------------------------------------------
   Cr2   Cr1   (  1,   1,   0) -0.5539   ( 3.670,  2.119, -6.578)  7.824 
J_iso: -0.5539 
----------------------------------------------------------------------------------------
   Cr1   Cr2   (  0,  -2,   0)  0.2144   ( 1.835, -5.297,  6.578)  8.642 
J_iso:  0.2144 
----------------------------------------------------------------------------------------
   Cr2   Cr1   (  0,   2,   0)  0.2144   (-1.835,  5.297, -6.578)  8.642 
J_iso:  0.2144 
----------------------------------------------------------------------------------------
   Cr2   Cr1   ( -2,   0,   0)  0.2292   (-5.505, -1.059, -6.578)  8.642 
J_iso:  0.2292 
----------------------------------------------------------------------------------------
   Cr1   Cr2   (  2,   0,   0)  0.2292   ( 5.505,  1.059,  6.578)  8.642 
J_iso:  0.2292 
----------------------------------------------------------------------------------------
   Cr1   Cr2   ( -1,  -2,   0)  0.2183   (-1.835, -5.297,  6.578)  8.642 
J_iso:  0.2183 
----------------------------------------------------------------------------------------
   Cr2   Cr1   (  1,   2,   0)  0.2183   ( 1.835,  5.297, -6.578)  8.642 
J_iso:  0.2183 
----------------------------------------------------------------------------------------
   Cr2   Cr1   ( -2,  -1,   0)  0.2307   (-3.670, -4.238, -6.578)  8.642 
J_iso:  0.2307 
----------------------------------------------------------------------------------------
   Cr1   Cr2   (  2,   1,   0)  0.2307   ( 3.670,  4.238,  6.578)  8.642 
J_iso:  0.2307 
----------------------------------------------------------------------------------------
   Cr2   Cr1   (  0,  -1,   0)  0.2140   ( 3.670, -4.238, -6.578)  8.642 
J_iso:  0.2140 
----------------------------------------------------------------------------------------
   Cr1   Cr2   (  0,   1,   0)  0.2140   (-3.670,  4.238,  6.578)  8.642 
J_iso:  0.2140 
----------------------------------------------------------------------------------------
   Cr1   Cr2   ( -1,   0,   0)  0.2162   (-5.505,  1.059,  6.578)  8.642 
J_iso:  0.2162 
----------------------------------------------------------------------------------------
   Cr2   Cr1   (  1,   0,   0)  0.2162   ( 5.505, -1.059, -6.578)  8.642 
J_iso:  0.2162 
----------------------------------------------------------------------------------------
   Cr1   Cr1   ( -1,  -3,   0)  0.0613   ( 1.835, -9.535,  0.000)  9.710 
J_iso:  0.0613 
----------------------------------------------------------------------------------------
   Cr2   Cr2   ( -1,  -3,   0)  0.3228   ( 1.835, -9.535,  0.000)  9.710 
J_iso:  0.3228 
----------------------------------------------------------------------------------------
   Cr1   Cr1   (  1,   3,   0)  0.0613   (-1.835,  9.535,  0.000)  9.710 
J_iso:  0.0613 
----------------------------------------------------------------------------------------
   Cr2   Cr2   (  1,   3,   0)  0.3228   (-1.835,  9.535,  0.000)  9.710 
J_iso:  0.3228 
----------------------------------------------------------------------------------------
   Cr1   Cr1   ( -1,   2,   0)  0.0592   (-7.340,  6.357,  0.000)  9.710 
J_iso:  0.0592 
----------------------------------------------------------------------------------------
   Cr2   Cr2   ( -1,   2,   0)  0.3222   (-7.340,  6.357,  0.000)  9.710 
J_iso:  0.3222 
----------------------------------------------------------------------------------------
   Cr1   Cr1   (  1,  -2,   0)  0.0592   ( 7.340, -6.357,  0.000)  9.710 
J_iso:  0.0592 
----------------------------------------------------------------------------------------
   Cr2   Cr2   (  1,  -2,   0)  0.3222   ( 7.340, -6.357,  0.000)  9.710 
J_iso:  0.3222 
----------------------------------------------------------------------------------------
   Cr1   Cr1   ( -2,  -3,   0)  0.0673   (-1.835, -9.535,  0.000)  9.710 
J_iso:  0.0673 
----------------------------------------------------------------------------------------
   Cr2   Cr2   ( -2,  -3,   0)  0.3530   (-1.835, -9.535,  0.000)  9.710 
J_iso:  0.3530 
----------------------------------------------------------------------------------------
   Cr1   Cr1   (  2,   3,   0)  0.0673   ( 1.835,  9.535,  0.000)  9.710 
J_iso:  0.0673 
----------------------------------------------------------------------------------------
   Cr2   Cr2   (  2,   3,   0)  0.3530   ( 1.835,  9.535,  0.000)  9.710 
J_iso:  0.3530 
----------------------------------------------------------------------------------------
   Cr1   Cr1   ( -2,   1,   0)  0.0677   (-9.175,  3.178,  0.000)  9.710 
J_iso:  0.0677 
----------------------------------------------------------------------------------------
   Cr2   Cr2   ( -2,   1,   0)  0.3510   (-9.175,  3.178,  0.000)  9.710 
J_iso:  0.3510 
----------------------------------------------------------------------------------------
   Cr1   Cr1   (  2,  -1,   0)  0.0677   ( 9.175, -3.178,  0.000)  9.710 
J_iso:  0.0677 
----------------------------------------------------------------------------------------
   Cr2   Cr2   (  2,  -1,   0)  0.3510   ( 9.175, -3.178,  0.000)  9.710 
J_iso:  0.3510 
----------------------------------------------------------------------------------------
   Cr1   Cr1   ( -3,  -2,   0)  0.0549   (-7.340, -6.357,  0.000)  9.710 
J_iso:  0.0549 
----------------------------------------------------------------------------------------
   Cr2   Cr2   ( -3,  -2,   0)  0.3004   (-7.340, -6.357,  0.000)  9.710 
J_iso:  0.3004 
----------------------------------------------------------------------------------------
   Cr1   Cr1   (  3,   2,   0)  0.0549   ( 7.340,  6.357,  0.000)  9.710 
J_iso:  0.0549 
----------------------------------------------------------------------------------------
   Cr2   Cr2   (  3,   2,   0)  0.3004   ( 7.340,  6.357,  0.000)  9.710 
J_iso:  0.3004 
----------------------------------------------------------------------------------------
   Cr1   Cr1   ( -3,  -1,   0)  0.0560   (-9.175, -3.178,  0.000)  9.710 
J_iso:  0.0560 
----------------------------------------------------------------------------------------
   Cr2   Cr2   ( -3,  -1,   0)  0.2946   (-9.175, -3.178,  0.000)  9.710 
J_iso:  0.2946 
----------------------------------------------------------------------------------------
   Cr1   Cr1   (  3,   1,   0)  0.0560   ( 9.175,  3.178,  0.000)  9.710 
J_iso:  0.0560 
----------------------------------------------------------------------------------------
   Cr2   Cr2   (  3,   1,   0)  0.2946   ( 9.175,  3.178,  0.000)  9.710 
J_iso:  0.2946 
