==========================================================================================
Information: 
Exchange parameters generated by TB2J 0.7.7.2
Generation time: 23/12/15 20:21:46
 Input from collinear Wannier90 data.
 Tight binding data from ./. 
 Prefix of wannier function files:cucrse.98.up and cucrse.98.down.
Warning: Please check if the noise level of Wannier function Hamiltonian to make sure it is much smaller than the exchange values.

==========================================================================================
Cell (Angstrom):
3.56093084  -0.00000000  0.00000000
-1.78046542  3.08385656  0.00000000
0.00000000  0.00000000  24.28541500

==========================================================================================
Atoms:  
(Note: charge and magmoms only count the wannier functions.)
Atom number        x             y             z       w_charge  w_magmom 
Cr1             1.78046720    1.02795116    1.30310299    4.6879    2.9579
Cr2            -0.00000178    2.05590540    7.88061912    4.5838    2.7962
Cu1             1.78046720    1.02795116    4.12403538    9.7821   -0.0612
Se1             0.00000000    0.00000000   -0.03742126    4.9218   -0.1721
Se2             1.78046720    1.02795116    6.46217252    4.9750   -0.1471
Se3             0.00000000    0.00000000    9.26484594    4.8323   -0.2051
Se4            -0.00000178    2.05590540    2.87804048    5.1774   -0.0531
Total                                                    38.9605    5.1156

==========================================================================================
Orbitals used in decomposition: 
The name of the orbitals for the decomposition: 
Cr1 : ['orb_1', 'orb_2', 'orb_3', 'orb_4', 'orb_5']
Cr2 : ['orb_1', 'orb_2', 'orb_3', 'orb_4', 'orb_5']

==========================================================================================
Exchange: 
    i      j          R        J_iso(meV)          vector          distance(A) 
----------------------------------------------------------------------------------------
   Cr2   Cr2   (  0,   1,   0)  1.6799   (-1.780,  3.084,  0.000)  3.561 
J_iso:  1.6799 
----------------------------------------------------------------------------------------
   Cr1   Cr1   (  0,  -1,   0)  2.4569   ( 1.780, -3.084,  0.000)  3.561 
J_iso:  2.4569 
----------------------------------------------------------------------------------------
   Cr2   Cr2   (  0,  -1,   0)  1.6799   ( 1.780, -3.084,  0.000)  3.561 
J_iso:  1.6799 
----------------------------------------------------------------------------------------
   Cr1   Cr1   (  0,   1,   0)  2.4569   (-1.780,  3.084,  0.000)  3.561 
J_iso:  2.4569 
----------------------------------------------------------------------------------------
   Cr2   Cr2   (  1,   1,   0)  1.7223   ( 1.780,  3.084,  0.000)  3.561 
J_iso:  1.7223 
----------------------------------------------------------------------------------------
   Cr1   Cr1   ( -1,  -1,   0)  2.4205   (-1.780, -3.084,  0.000)  3.561 
J_iso:  2.4205 
----------------------------------------------------------------------------------------
   Cr2   Cr2   ( -1,  -1,   0)  1.7223   (-1.780, -3.084,  0.000)  3.561 
J_iso:  1.7223 
----------------------------------------------------------------------------------------
   Cr1   Cr1   (  1,   1,   0)  2.4205   ( 1.780,  3.084,  0.000)  3.561 
J_iso:  2.4205 
----------------------------------------------------------------------------------------
   Cr1   Cr1   ( -1,   0,   0)  2.4414   (-3.561,  0.000,  0.000)  3.561 
J_iso:  2.4414 
----------------------------------------------------------------------------------------
   Cr2   Cr2   ( -1,   0,   0)  1.6607   (-3.561,  0.000,  0.000)  3.561 
J_iso:  1.6607 
----------------------------------------------------------------------------------------
   Cr1   Cr1   (  1,   0,   0)  2.4414   ( 3.561,  0.000,  0.000)  3.561 
J_iso:  2.4414 
----------------------------------------------------------------------------------------
   Cr2   Cr2   (  1,   0,   0)  1.6607   ( 3.561,  0.000,  0.000)  3.561 
J_iso:  1.6607 
----------------------------------------------------------------------------------------
   Cr1   Cr1   ( -1,  -2,   0)  1.0272   (-0.000, -6.168,  0.000)  6.168 
J_iso:  1.0272 
----------------------------------------------------------------------------------------
   Cr2   Cr2   (  1,   2,   0)  1.3441   ( 0.000,  6.168,  0.000)  6.168 
J_iso:  1.3441 
----------------------------------------------------------------------------------------
   Cr2   Cr2   ( -1,  -2,   0)  1.3441   (-0.000, -6.168,  0.000)  6.168 
J_iso:  1.3441 
----------------------------------------------------------------------------------------
   Cr1   Cr1   (  1,   2,   0)  1.0272   ( 0.000,  6.168,  0.000)  6.168 
J_iso:  1.0272 
----------------------------------------------------------------------------------------
   Cr1   Cr1   ( -1,   1,   0)  1.0194   (-5.341,  3.084,  0.000)  6.168 
J_iso:  1.0194 
----------------------------------------------------------------------------------------
   Cr2   Cr2   ( -1,   1,   0)  1.3328   (-5.341,  3.084,  0.000)  6.168 
J_iso:  1.3328 
----------------------------------------------------------------------------------------
   Cr1   Cr1   (  1,  -1,   0)  1.0194   ( 5.341, -3.084,  0.000)  6.168 
J_iso:  1.0194 
----------------------------------------------------------------------------------------
   Cr2   Cr2   (  1,  -1,   0)  1.3328   ( 5.341, -3.084,  0.000)  6.168 
J_iso:  1.3328 
----------------------------------------------------------------------------------------
   Cr1   Cr1   ( -2,  -1,   0)  1.0340   (-5.341, -3.084,  0.000)  6.168 
J_iso:  1.0340 
----------------------------------------------------------------------------------------
   Cr2   Cr2   ( -2,  -1,   0)  1.3351   (-5.341, -3.084,  0.000)  6.168 
J_iso:  1.3351 
----------------------------------------------------------------------------------------
   Cr1   Cr1   (  2,   1,   0)  1.0340   ( 5.341,  3.084,  0.000)  6.168 
J_iso:  1.0340 
----------------------------------------------------------------------------------------
   Cr2   Cr2   (  2,   1,   0)  1.3351   ( 5.341,  3.084,  0.000)  6.168 
J_iso:  1.3351 
----------------------------------------------------------------------------------------
   Cr1   Cr2   (  0,  -1,   0)  1.0566   (-0.000, -2.056,  6.578)  6.891 
J_iso:  1.0566 
----------------------------------------------------------------------------------------
   Cr2   Cr1   (  0,   1,   0)  1.0566   ( 0.000,  2.056, -6.578)  6.891 
J_iso:  1.0566 
----------------------------------------------------------------------------------------
   Cr2   Cr1   ( -1,   0,   0)  1.0724   (-1.780, -1.028, -6.578)  6.891 
J_iso:  1.0724 
----------------------------------------------------------------------------------------
   Cr1   Cr2   (  1,   0,   0)  1.0724   ( 1.780,  1.028,  6.578)  6.891 
J_iso:  1.0724 
----------------------------------------------------------------------------------------
   Cr1   Cr2   (  0,   0,   0)  1.0567   (-1.780,  1.028,  6.578)  6.891 
J_iso:  1.0567 
----------------------------------------------------------------------------------------
   Cr2   Cr1   (  0,   0,   0)  1.0567   ( 1.780, -1.028, -6.578)  6.891 
J_iso:  1.0567 
----------------------------------------------------------------------------------------
   Cr2   Cr2   (  0,   2,   0)  0.5550   (-3.561,  6.168,  0.000)  7.122 
J_iso:  0.5550 
----------------------------------------------------------------------------------------
   Cr1   Cr1   (  0,  -2,   0) -0.7192   ( 3.561, -6.168,  0.000)  7.122 
J_iso: -0.7192 
----------------------------------------------------------------------------------------
   Cr2   Cr2   (  0,  -2,   0)  0.5550   ( 3.561, -6.168,  0.000)  7.122 
J_iso:  0.5550 
----------------------------------------------------------------------------------------
   Cr1   Cr1   (  0,   2,   0) -0.7192   (-3.561,  6.168,  0.000)  7.122 
J_iso: -0.7192 
----------------------------------------------------------------------------------------
   Cr1   Cr1   ( -2,  -2,   0) -0.6927   (-3.561, -6.168,  0.000)  7.122 
J_iso: -0.6927 
----------------------------------------------------------------------------------------
   Cr2   Cr2   (  2,   2,   0)  0.5287   ( 3.561,  6.168,  0.000)  7.122 
J_iso:  0.5287 
----------------------------------------------------------------------------------------
   Cr2   Cr2   ( -2,  -2,   0)  0.5287   (-3.561, -6.168,  0.000)  7.122 
J_iso:  0.5287 
----------------------------------------------------------------------------------------
   Cr1   Cr1   (  2,   2,   0) -0.6927   ( 3.561,  6.168,  0.000)  7.122 
J_iso: -0.6927 
----------------------------------------------------------------------------------------
   Cr1   Cr1   ( -2,   0,   0) -0.7052   (-7.122,  0.000,  0.000)  7.122 
J_iso: -0.7052 
----------------------------------------------------------------------------------------
   Cr2   Cr2   ( -2,   0,   0)  0.5441   (-7.122,  0.000,  0.000)  7.122 
J_iso:  0.5441 
----------------------------------------------------------------------------------------
   Cr2   Cr2   (  2,   0,   0)  0.5441   ( 7.122,  0.000,  0.000)  7.122 
J_iso:  0.5441 
----------------------------------------------------------------------------------------
   Cr1   Cr1   (  2,   0,   0) -0.7052   ( 7.122,  0.000,  0.000)  7.122 
J_iso: -0.7052 
----------------------------------------------------------------------------------------
   Cr2   Cr1   ( -1,   1,   0) -0.5222   (-3.561,  2.056, -6.578)  7.757 
J_iso: -0.5222 
----------------------------------------------------------------------------------------
   Cr1   Cr2   (  1,  -1,   0) -0.5222   ( 3.561, -2.056,  6.578)  7.757 
J_iso: -0.5222 
----------------------------------------------------------------------------------------
   Cr2   Cr1   ( -1,  -1,   0) -0.5279   ( 0.000, -4.112, -6.578)  7.757 
J_iso: -0.5279 
----------------------------------------------------------------------------------------
   Cr1   Cr2   (  1,   1,   0) -0.5279   (-0.000,  4.112,  6.578)  7.757 
J_iso: -0.5279 
----------------------------------------------------------------------------------------
   Cr1   Cr2   ( -1,  -1,   0) -0.5222   (-3.561, -2.056,  6.578)  7.757 
J_iso: -0.5222 
----------------------------------------------------------------------------------------
   Cr2   Cr1   (  1,   1,   0) -0.5222   ( 3.561,  2.056, -6.578)  7.757 
J_iso: -0.5222 
----------------------------------------------------------------------------------------
   Cr1   Cr2   (  0,  -2,   0)  0.3114   ( 1.780, -5.140,  6.578)  8.535 
J_iso:  0.3114 
----------------------------------------------------------------------------------------
   Cr2   Cr1   (  0,   2,   0)  0.3114   (-1.780,  5.140, -6.578)  8.535 
J_iso:  0.3114 
----------------------------------------------------------------------------------------
   Cr2   Cr1   ( -2,   0,   0)  0.3099   (-5.341, -1.028, -6.578)  8.535 
J_iso:  0.3099 
----------------------------------------------------------------------------------------
   Cr1   Cr2   (  2,   0,   0)  0.3099   ( 5.341,  1.028,  6.578)  8.535 
J_iso:  0.3099 
----------------------------------------------------------------------------------------
   Cr1   Cr2   ( -1,  -2,   0)  0.3143   (-1.780, -5.140,  6.578)  8.535 
J_iso:  0.3143 
----------------------------------------------------------------------------------------
   Cr2   Cr1   (  1,   2,   0)  0.3143   ( 1.780,  5.140, -6.578)  8.535 
J_iso:  0.3143 
----------------------------------------------------------------------------------------
   Cr2   Cr1   ( -2,  -1,   0)  0.3150   (-3.561, -4.112, -6.578)  8.535 
J_iso:  0.3150 
----------------------------------------------------------------------------------------
   Cr1   Cr2   (  2,   1,   0)  0.3150   ( 3.561,  4.112,  6.578)  8.535 
J_iso:  0.3150 
----------------------------------------------------------------------------------------
   Cr2   Cr1   (  0,  -1,   0)  0.3138   ( 3.561, -4.112, -6.578)  8.535 
J_iso:  0.3138 
----------------------------------------------------------------------------------------
   Cr1   Cr2   (  0,   1,   0)  0.3138   (-3.561,  4.112,  6.578)  8.535 
J_iso:  0.3138 
----------------------------------------------------------------------------------------
   Cr1   Cr2   ( -1,   0,   0)  0.3116   (-5.341,  1.028,  6.578)  8.535 
J_iso:  0.3116 
----------------------------------------------------------------------------------------
   Cr2   Cr1   (  1,   0,   0)  0.3116   ( 5.341, -1.028, -6.578)  8.535 
J_iso:  0.3116 
----------------------------------------------------------------------------------------
   Cr1   Cr1   ( -1,  -3,   0)  0.0921   ( 1.780, -9.252,  0.000)  9.421 
J_iso:  0.0921 
----------------------------------------------------------------------------------------
   Cr2   Cr2   ( -1,  -3,   0)  0.3825   ( 1.780, -9.252,  0.000)  9.421 
J_iso:  0.3825 
----------------------------------------------------------------------------------------
   Cr1   Cr1   (  1,   3,   0)  0.0921   (-1.780,  9.252,  0.000)  9.421 
J_iso:  0.0921 
----------------------------------------------------------------------------------------
   Cr2   Cr2   (  1,   3,   0)  0.3825   (-1.780,  9.252,  0.000)  9.421 
J_iso:  0.3825 
----------------------------------------------------------------------------------------
   Cr2   Cr2   ( -1,   2,   0)  0.3795   (-7.122,  6.168,  0.000)  9.421 
J_iso:  0.3795 
----------------------------------------------------------------------------------------
   Cr1   Cr1   ( -1,   2,   0)  0.0907   (-7.122,  6.168,  0.000)  9.421 
J_iso:  0.0907 
----------------------------------------------------------------------------------------
   Cr1   Cr1   (  1,  -2,   0)  0.0907   ( 7.122, -6.168,  0.000)  9.421 
J_iso:  0.0907 
----------------------------------------------------------------------------------------
   Cr2   Cr2   (  1,  -2,   0)  0.3795   ( 7.122, -6.168,  0.000)  9.421 
J_iso:  0.3795 
----------------------------------------------------------------------------------------
   Cr1   Cr1   ( -2,  -3,   0)  0.0887   (-1.780, -9.252,  0.000)  9.421 
J_iso:  0.0887 
----------------------------------------------------------------------------------------
   Cr2   Cr2   ( -2,  -3,   0)  0.3758   (-1.780, -9.252,  0.000)  9.421 
J_iso:  0.3758 
----------------------------------------------------------------------------------------
   Cr1   Cr1   (  2,   3,   0)  0.0887   ( 1.780,  9.252,  0.000)  9.421 
J_iso:  0.0887 
----------------------------------------------------------------------------------------
   Cr2   Cr2   (  2,   3,   0)  0.3758   ( 1.780,  9.252,  0.000)  9.421 
J_iso:  0.3758 
----------------------------------------------------------------------------------------
   Cr1   Cr1   ( -2,   1,   0)  0.0919   (-8.902,  3.084,  0.000)  9.421 
J_iso:  0.0919 
----------------------------------------------------------------------------------------
   Cr2   Cr2   ( -2,   1,   0)  0.3743   (-8.902,  3.084,  0.000)  9.421 
J_iso:  0.3743 
----------------------------------------------------------------------------------------
   Cr1   Cr1   (  2,  -1,   0)  0.0919   ( 8.902, -3.084,  0.000)  9.421 
J_iso:  0.0919 
----------------------------------------------------------------------------------------
   Cr2   Cr2   (  2,  -1,   0)  0.3743   ( 8.902, -3.084,  0.000)  9.421 
J_iso:  0.3743 
----------------------------------------------------------------------------------------
   Cr1   Cr1   ( -3,  -2,   0)  0.0935   (-7.122, -6.168,  0.000)  9.421 
J_iso:  0.0935 
----------------------------------------------------------------------------------------
   Cr2   Cr2   (  3,   2,   0)  0.3917   ( 7.122,  6.168,  0.000)  9.421 
J_iso:  0.3917 
----------------------------------------------------------------------------------------
   Cr2   Cr2   ( -3,  -2,   0)  0.3917   (-7.122, -6.168,  0.000)  9.421 
J_iso:  0.3917 
----------------------------------------------------------------------------------------
   Cr1   Cr1   (  3,   2,   0)  0.0935   ( 7.122,  6.168,  0.000)  9.421 
J_iso:  0.0935 
----------------------------------------------------------------------------------------
   Cr1   Cr1   ( -3,  -1,   0)  0.0967   (-8.902, -3.084,  0.000)  9.421 
J_iso:  0.0967 
----------------------------------------------------------------------------------------
   Cr2   Cr2   ( -3,  -1,   0)  0.3872   (-8.902, -3.084,  0.000)  9.421 
J_iso:  0.3872 
----------------------------------------------------------------------------------------
   Cr1   Cr1   (  3,   1,   0)  0.0967   ( 8.902,  3.084,  0.000)  9.421 
J_iso:  0.0967 
----------------------------------------------------------------------------------------
   Cr2   Cr2   (  3,   1,   0)  0.3872   ( 8.902,  3.084,  0.000)  9.421 
J_iso:  0.3872 
----------------------------------------------------------------------------------------
   Cr2   Cr1   ( -1,   2,   0)  0.1029   (-5.341,  5.140, -6.578)  9.910 
J_iso:  0.1029 
----------------------------------------------------------------------------------------
   Cr1   Cr2   (  1,  -2,   0)  0.1029   ( 5.341, -5.140,  6.578)  9.910 
J_iso:  0.1029 
----------------------------------------------------------------------------------------
   Cr2   Cr1   ( -2,   1,   0)  0.1031   (-7.122,  2.056, -6.578)  9.910 
J_iso:  0.1031 
----------------------------------------------------------------------------------------
   Cr1   Cr2   (  2,  -1,   0)  0.1031   ( 7.122, -2.056,  6.578)  9.910 
J_iso:  0.1031 
----------------------------------------------------------------------------------------
   Cr2   Cr1   ( -2,  -2,   0)  0.1026   (-1.780, -7.196, -6.578)  9.910 
J_iso:  0.1026 
----------------------------------------------------------------------------------------
   Cr1   Cr2   (  2,   2,   0)  0.1026   ( 1.780,  7.196,  6.578)  9.910 
J_iso:  0.1026 
----------------------------------------------------------------------------------------
   Cr1   Cr2   ( -2,  -2,   0)  0.0990   (-5.341, -5.140,  6.578)  9.910 
J_iso:  0.0990 
----------------------------------------------------------------------------------------
   Cr2   Cr1   (  2,   2,   0)  0.0990   ( 5.341,  5.140, -6.578)  9.910 
J_iso:  0.0990 
----------------------------------------------------------------------------------------
   Cr2   Cr1   ( -1,  -2,   0)  0.1042   ( 1.780, -7.196, -6.578)  9.910 
J_iso:  0.1042 
----------------------------------------------------------------------------------------
   Cr1   Cr2   (  1,   2,   0)  0.1042   (-1.780,  7.196,  6.578)  9.910 
J_iso:  0.1042 
----------------------------------------------------------------------------------------
   Cr1   Cr2   ( -2,  -1,   0)  0.1019   (-7.122, -2.056,  6.578)  9.910 
J_iso:  0.1019 
----------------------------------------------------------------------------------------
   Cr2   Cr1   (  2,   1,   0)  0.1019   ( 7.122,  2.056, -6.578)  9.910 
J_iso:  0.1019 
