==========================================================================================
Information: 
Exchange parameters generated by TB2J 0.7.7.2
Generation time: 23/12/15 20:30:39
 Input from collinear Wannier90 data.
 Tight binding data from ./. 
 Prefix of wannier function files:cucrse.99.up and cucrse.99.down.
Warning: Please check if the noise level of Wannier function Hamiltonian to make sure it is much smaller than the exchange values.

==========================================================================================
Cell (Angstrom):
3.59726687  -0.00000000  0.00000000
-1.79863343  3.11532449  0.00000000
0.00000000  0.00000000  24.28541500

==========================================================================================
Atoms:  
(Note: charge and magmoms only count the wannier functions.)
Atom number        x             y             z       w_charge  w_magmom 
Cr1             1.79863523    1.03844046    1.30310299    4.6668    2.9905
Cr2            -0.00000180    2.07688403    7.88061912    4.5608    2.8351
Cu1             1.79863523    1.03844046    4.12403538    9.7832   -0.0688
Se1             0.00000000    0.00000000   -0.03742126    4.9349   -0.1830
Se2             1.79863523    1.03844046    6.46217252    4.9927   -0.1717
Se3             0.00000000    0.00000000    9.26484594    4.8432   -0.2238
Se4            -0.00000180    2.07688403    2.87804048    5.1925   -0.0763
Total                                                    38.9741    5.1020

==========================================================================================
Orbitals used in decomposition: 
The name of the orbitals for the decomposition: 
Cr1 : ['orb_1', 'orb_2', 'orb_3', 'orb_4', 'orb_5']
Cr2 : ['orb_1', 'orb_2', 'orb_3', 'orb_4', 'orb_5']

==========================================================================================
Exchange: 
    i      j          R        J_iso(meV)          vector          distance(A) 
----------------------------------------------------------------------------------------
   Cr1   Cr1   (  0,  -1,   0)  3.9115   ( 1.799, -3.115,  0.000)  3.597 
J_iso:  3.9115 
----------------------------------------------------------------------------------------
   Cr2   Cr2   (  0,  -1,   0)  2.7757   ( 1.799, -3.115,  0.000)  3.597 
J_iso:  2.7757 
----------------------------------------------------------------------------------------
   Cr1   Cr1   (  0,   1,   0)  3.9115   (-1.799,  3.115,  0.000)  3.597 
J_iso:  3.9115 
----------------------------------------------------------------------------------------
   Cr2   Cr2   (  0,   1,   0)  2.7757   (-1.799,  3.115,  0.000)  3.597 
J_iso:  2.7757 
----------------------------------------------------------------------------------------
   Cr1   Cr1   ( -1,  -1,   0)  3.8747   (-1.799, -3.115,  0.000)  3.597 
J_iso:  3.8747 
----------------------------------------------------------------------------------------
   Cr2   Cr2   ( -1,  -1,   0)  2.8254   (-1.799, -3.115,  0.000)  3.597 
J_iso:  2.8254 
----------------------------------------------------------------------------------------
   Cr2   Cr2   (  1,   1,   0)  2.8254   ( 1.799,  3.115,  0.000)  3.597 
J_iso:  2.8254 
----------------------------------------------------------------------------------------
   Cr1   Cr1   (  1,   1,   0)  3.8747   ( 1.799,  3.115,  0.000)  3.597 
J_iso:  3.8747 
----------------------------------------------------------------------------------------
   Cr1   Cr1   ( -1,   0,   0)  3.8732   (-3.597,  0.000,  0.000)  3.597 
J_iso:  3.8732 
----------------------------------------------------------------------------------------
   Cr2   Cr2   ( -1,   0,   0)  2.7671   (-3.597,  0.000,  0.000)  3.597 
J_iso:  2.7671 
----------------------------------------------------------------------------------------
   Cr1   Cr1   (  1,   0,   0)  3.8732   ( 3.597,  0.000,  0.000)  3.597 
J_iso:  3.8732 
----------------------------------------------------------------------------------------
   Cr2   Cr2   (  1,   0,   0)  2.7671   ( 3.597,  0.000,  0.000)  3.597 
J_iso:  2.7671 
----------------------------------------------------------------------------------------
   Cr1   Cr1   ( -1,  -2,   0)  0.9129   (-0.000, -6.231,  0.000)  6.231 
J_iso:  0.9129 
----------------------------------------------------------------------------------------
   Cr2   Cr2   ( -1,  -2,   0)  1.2592   (-0.000, -6.231,  0.000)  6.231 
J_iso:  1.2592 
----------------------------------------------------------------------------------------
   Cr1   Cr1   (  1,   2,   0)  0.9129   ( 0.000,  6.231,  0.000)  6.231 
J_iso:  0.9129 
----------------------------------------------------------------------------------------
   Cr2   Cr2   (  1,   2,   0)  1.2592   ( 0.000,  6.231,  0.000)  6.231 
J_iso:  1.2592 
----------------------------------------------------------------------------------------
   Cr1   Cr1   ( -1,   1,   0)  0.9104   (-5.396,  3.115,  0.000)  6.231 
J_iso:  0.9104 
----------------------------------------------------------------------------------------
   Cr2   Cr2   ( -1,   1,   0)  1.2714   (-5.396,  3.115,  0.000)  6.231 
J_iso:  1.2714 
----------------------------------------------------------------------------------------
   Cr1   Cr1   (  1,  -1,   0)  0.9104   ( 5.396, -3.115,  0.000)  6.231 
J_iso:  0.9104 
----------------------------------------------------------------------------------------
   Cr2   Cr2   (  1,  -1,   0)  1.2714   ( 5.396, -3.115,  0.000)  6.231 
J_iso:  1.2714 
----------------------------------------------------------------------------------------
   Cr1   Cr1   ( -2,  -1,   0)  0.9199   (-5.396, -3.115,  0.000)  6.231 
J_iso:  0.9199 
----------------------------------------------------------------------------------------
   Cr2   Cr2   ( -2,  -1,   0)  1.2733   (-5.396, -3.115,  0.000)  6.231 
J_iso:  1.2733 
----------------------------------------------------------------------------------------
   Cr1   Cr1   (  2,   1,   0)  0.9199   ( 5.396,  3.115,  0.000)  6.231 
J_iso:  0.9199 
----------------------------------------------------------------------------------------
   Cr2   Cr2   (  2,   1,   0)  1.2733   ( 5.396,  3.115,  0.000)  6.231 
J_iso:  1.2733 
----------------------------------------------------------------------------------------
   Cr1   Cr2   (  0,  -1,   0)  1.0894   (-0.000, -2.077,  6.578)  6.898 
J_iso:  1.0894 
----------------------------------------------------------------------------------------
   Cr2   Cr1   (  0,   1,   0)  1.0894   ( 0.000,  2.077, -6.578)  6.898 
J_iso:  1.0894 
----------------------------------------------------------------------------------------
   Cr2   Cr1   ( -1,   0,   0)  1.0980   (-1.799, -1.038, -6.578)  6.898 
J_iso:  1.0980 
----------------------------------------------------------------------------------------
   Cr1   Cr2   (  1,   0,   0)  1.0980   ( 1.799,  1.038,  6.578)  6.898 
J_iso:  1.0980 
----------------------------------------------------------------------------------------
   Cr1   Cr2   (  0,   0,   0)  1.0856   (-1.799,  1.038,  6.578)  6.898 
J_iso:  1.0856 
----------------------------------------------------------------------------------------
   Cr2   Cr1   (  0,   0,   0)  1.0856   ( 1.799, -1.038, -6.578)  6.898 
J_iso:  1.0856 
----------------------------------------------------------------------------------------
   Cr1   Cr1   (  0,  -2,   0) -0.6113   ( 3.597, -6.231,  0.000)  7.195 
J_iso: -0.6113 
----------------------------------------------------------------------------------------
   Cr2   Cr2   (  0,  -2,   0)  0.5790   ( 3.597, -6.231,  0.000)  7.195 
J_iso:  0.5790 
----------------------------------------------------------------------------------------
   Cr1   Cr1   (  0,   2,   0) -0.6113   (-3.597,  6.231,  0.000)  7.195 
J_iso: -0.6113 
----------------------------------------------------------------------------------------
   Cr2   Cr2   (  0,   2,   0)  0.5790   (-3.597,  6.231,  0.000)  7.195 
J_iso:  0.5790 
----------------------------------------------------------------------------------------
   Cr1   Cr1   ( -2,  -2,   0) -0.5904   (-3.597, -6.231,  0.000)  7.195 
J_iso: -0.5904 
----------------------------------------------------------------------------------------
   Cr2   Cr2   ( -2,  -2,   0)  0.5539   (-3.597, -6.231,  0.000)  7.195 
J_iso:  0.5539 
----------------------------------------------------------------------------------------
   Cr1   Cr1   (  2,   2,   0) -0.5904   ( 3.597,  6.231,  0.000)  7.195 
J_iso: -0.5904 
----------------------------------------------------------------------------------------
   Cr2   Cr2   (  2,   2,   0)  0.5539   ( 3.597,  6.231,  0.000)  7.195 
J_iso:  0.5539 
----------------------------------------------------------------------------------------
   Cr1   Cr1   (  2,   0,   0) -0.5989   ( 7.195,  0.000,  0.000)  7.195 
J_iso: -0.5989 
----------------------------------------------------------------------------------------
   Cr1   Cr1   ( -2,   0,   0) -0.5989   (-7.195,  0.000,  0.000)  7.195 
J_iso: -0.5989 
----------------------------------------------------------------------------------------
   Cr2   Cr2   ( -2,   0,   0)  0.5623   (-7.195,  0.000,  0.000)  7.195 
J_iso:  0.5623 
----------------------------------------------------------------------------------------
   Cr2   Cr2   (  2,   0,   0)  0.5623   ( 7.195,  0.000,  0.000)  7.195 
J_iso:  0.5623 
----------------------------------------------------------------------------------------
   Cr2   Cr1   ( -1,   1,   0) -0.5333   (-3.597,  2.077, -6.578)  7.779 
J_iso: -0.5333 
----------------------------------------------------------------------------------------
   Cr1   Cr2   (  1,  -1,   0) -0.5333   ( 3.597, -2.077,  6.578)  7.779 
J_iso: -0.5333 
----------------------------------------------------------------------------------------
   Cr2   Cr1   ( -1,  -1,   0) -0.5305   ( 0.000, -4.154, -6.578)  7.779 
J_iso: -0.5305 
----------------------------------------------------------------------------------------
   Cr1   Cr2   (  1,   1,   0) -0.5305   (-0.000,  4.154,  6.578)  7.779 
J_iso: -0.5305 
----------------------------------------------------------------------------------------
   Cr1   Cr2   ( -1,  -1,   0) -0.5310   (-3.597, -2.077,  6.578)  7.779 
J_iso: -0.5310 
----------------------------------------------------------------------------------------
   Cr2   Cr1   (  1,   1,   0) -0.5310   ( 3.597,  2.077, -6.578)  7.779 
J_iso: -0.5310 
----------------------------------------------------------------------------------------
   Cr1   Cr2   (  0,  -2,   0)  0.2882   ( 1.799, -5.192,  6.578)  8.571 
J_iso:  0.2882 
----------------------------------------------------------------------------------------
   Cr2   Cr1   (  0,   2,   0)  0.2882   (-1.799,  5.192, -6.578)  8.571 
J_iso:  0.2882 
----------------------------------------------------------------------------------------
   Cr2   Cr1   ( -2,   0,   0)  0.2849   (-5.396, -1.038, -6.578)  8.571 
J_iso:  0.2849 
----------------------------------------------------------------------------------------
   Cr1   Cr2   (  2,   0,   0)  0.2849   ( 5.396,  1.038,  6.578)  8.571 
J_iso:  0.2849 
----------------------------------------------------------------------------------------
   Cr1   Cr2   ( -1,  -2,   0)  0.2899   (-1.799, -5.192,  6.578)  8.571 
J_iso:  0.2899 
----------------------------------------------------------------------------------------
   Cr2   Cr1   (  1,   2,   0)  0.2899   ( 1.799,  5.192, -6.578)  8.571 
J_iso:  0.2899 
----------------------------------------------------------------------------------------
   Cr2   Cr1   ( -2,  -1,   0)  0.2890   (-3.597, -4.154, -6.578)  8.571 
J_iso:  0.2890 
----------------------------------------------------------------------------------------
   Cr1   Cr2   (  2,   1,   0)  0.2890   ( 3.597,  4.154,  6.578)  8.571 
J_iso:  0.2890 
----------------------------------------------------------------------------------------
   Cr2   Cr1   (  0,  -1,   0)  0.2909   ( 3.597, -4.154, -6.578)  8.571 
J_iso:  0.2909 
----------------------------------------------------------------------------------------
   Cr1   Cr2   (  0,   1,   0)  0.2909   (-3.597,  4.154,  6.578)  8.571 
J_iso:  0.2909 
----------------------------------------------------------------------------------------
   Cr1   Cr2   ( -1,   0,   0)  0.2879   (-5.396,  1.038,  6.578)  8.571 
J_iso:  0.2879 
----------------------------------------------------------------------------------------
   Cr2   Cr1   (  1,   0,   0)  0.2879   ( 5.396, -1.038, -6.578)  8.571 
J_iso:  0.2879 
----------------------------------------------------------------------------------------
   Cr1   Cr1   ( -1,  -3,   0)  0.0928   ( 1.799, -9.346,  0.000)  9.517 
J_iso:  0.0928 
----------------------------------------------------------------------------------------
   Cr2   Cr2   ( -1,  -3,   0)  0.3582   ( 1.799, -9.346,  0.000)  9.517 
J_iso:  0.3582 
----------------------------------------------------------------------------------------
   Cr1   Cr1   (  1,   3,   0)  0.0928   (-1.799,  9.346,  0.000)  9.517 
J_iso:  0.0928 
----------------------------------------------------------------------------------------
   Cr2   Cr2   (  1,   3,   0)  0.3582   (-1.799,  9.346,  0.000)  9.517 
J_iso:  0.3582 
----------------------------------------------------------------------------------------
   Cr1   Cr1   ( -1,   2,   0)  0.0821   (-7.195,  6.231,  0.000)  9.517 
J_iso:  0.0821 
----------------------------------------------------------------------------------------
   Cr2   Cr2   ( -1,   2,   0)  0.3620   (-7.195,  6.231,  0.000)  9.517 
J_iso:  0.3620 
----------------------------------------------------------------------------------------
   Cr1   Cr1   (  1,  -2,   0)  0.0821   ( 7.195, -6.231,  0.000)  9.517 
J_iso:  0.0821 
----------------------------------------------------------------------------------------
   Cr2   Cr2   (  1,  -2,   0)  0.3620   ( 7.195, -6.231,  0.000)  9.517 
J_iso:  0.3620 
----------------------------------------------------------------------------------------
   Cr1   Cr1   ( -2,  -3,   0)  0.0900   (-1.799, -9.346,  0.000)  9.517 
J_iso:  0.0900 
----------------------------------------------------------------------------------------
   Cr2   Cr2   ( -2,  -3,   0)  0.3547   (-1.799, -9.346,  0.000)  9.517 
J_iso:  0.3547 
----------------------------------------------------------------------------------------
   Cr1   Cr1   (  2,   3,   0)  0.0900   ( 1.799,  9.346,  0.000)  9.517 
J_iso:  0.0900 
----------------------------------------------------------------------------------------
   Cr2   Cr2   (  2,   3,   0)  0.3547   ( 1.799,  9.346,  0.000)  9.517 
J_iso:  0.3547 
----------------------------------------------------------------------------------------
   Cr1   Cr1   (  2,  -1,   0)  0.0874   ( 8.993, -3.115,  0.000)  9.517 
J_iso:  0.0874 
----------------------------------------------------------------------------------------
   Cr1   Cr1   ( -2,   1,   0)  0.0874   (-8.993,  3.115,  0.000)  9.517 
J_iso:  0.0874 
----------------------------------------------------------------------------------------
   Cr2   Cr2   ( -2,   1,   0)  0.3546   (-8.993,  3.115,  0.000)  9.517 
J_iso:  0.3546 
----------------------------------------------------------------------------------------
   Cr2   Cr2   (  2,  -1,   0)  0.3546   ( 8.993, -3.115,  0.000)  9.517 
J_iso:  0.3546 
----------------------------------------------------------------------------------------
   Cr1   Cr1   ( -3,  -2,   0)  0.0870   (-7.195, -6.231,  0.000)  9.517 
J_iso:  0.0870 
----------------------------------------------------------------------------------------
   Cr2   Cr2   ( -3,  -2,   0)  0.3648   (-7.195, -6.231,  0.000)  9.517 
J_iso:  0.3648 
----------------------------------------------------------------------------------------
   Cr1   Cr1   (  3,   2,   0)  0.0870   ( 7.195,  6.231,  0.000)  9.517 
J_iso:  0.0870 
----------------------------------------------------------------------------------------
   Cr2   Cr2   (  3,   2,   0)  0.3648   ( 7.195,  6.231,  0.000)  9.517 
J_iso:  0.3648 
----------------------------------------------------------------------------------------
   Cr1   Cr1   ( -3,  -1,   0)  0.0918   (-8.993, -3.115,  0.000)  9.517 
J_iso:  0.0918 
----------------------------------------------------------------------------------------
   Cr2   Cr2   ( -3,  -1,   0)  0.3625   (-8.993, -3.115,  0.000)  9.517 
J_iso:  0.3625 
----------------------------------------------------------------------------------------
   Cr1   Cr1   (  3,   1,   0)  0.0918   ( 8.993,  3.115,  0.000)  9.517 
J_iso:  0.0918 
----------------------------------------------------------------------------------------
   Cr2   Cr2   (  3,   1,   0)  0.3625   ( 8.993,  3.115,  0.000)  9.517 
J_iso:  0.3625 
----------------------------------------------------------------------------------------
   Cr2   Cr1   ( -1,   2,   0)  0.1204   (-5.396,  5.192, -6.578)  9.967 
J_iso:  0.1204 
----------------------------------------------------------------------------------------
   Cr1   Cr2   (  1,  -2,   0)  0.1204   ( 5.396, -5.192,  6.578)  9.967 
J_iso:  0.1204 
----------------------------------------------------------------------------------------
   Cr1   Cr2   (  2,  -1,   0)  0.1238   ( 7.195, -2.077,  6.578)  9.967 
J_iso:  0.1238 
----------------------------------------------------------------------------------------
   Cr2   Cr1   ( -2,   1,   0)  0.1238   (-7.195,  2.077, -6.578)  9.967 
J_iso:  0.1238 
----------------------------------------------------------------------------------------
   Cr2   Cr1   ( -2,  -2,   0)  0.1241   (-1.799, -7.269, -6.578)  9.967 
J_iso:  0.1241 
----------------------------------------------------------------------------------------
   Cr1   Cr2   (  2,   2,   0)  0.1241   ( 1.799,  7.269,  6.578)  9.967 
J_iso:  0.1241 
----------------------------------------------------------------------------------------
   Cr2   Cr1   (  2,   2,   0)  0.1188   ( 5.396,  5.192, -6.578)  9.967 
J_iso:  0.1188 
----------------------------------------------------------------------------------------
   Cr1   Cr2   ( -2,  -2,   0)  0.1188   (-5.396, -5.192,  6.578)  9.967 
J_iso:  0.1188 
----------------------------------------------------------------------------------------
   Cr2   Cr1   ( -1,  -2,   0)  0.1247   ( 1.799, -7.269, -6.578)  9.967 
J_iso:  0.1247 
----------------------------------------------------------------------------------------
   Cr1   Cr2   (  1,   2,   0)  0.1247   (-1.799,  7.269,  6.578)  9.967 
J_iso:  0.1247 
----------------------------------------------------------------------------------------
   Cr1   Cr2   ( -2,  -1,   0)  0.1227   (-7.195, -2.077,  6.578)  9.967 
J_iso:  0.1227 
----------------------------------------------------------------------------------------
   Cr2   Cr1   (  2,   1,   0)  0.1227   ( 7.195,  2.077, -6.578)  9.967 
J_iso:  0.1227 
