==========================================================================================
Information: 
Exchange parameters generated by TB2J 0.7.7.2
Generation time: 23/12/15 19:55:55
 Input from collinear Wannier90 data.
 Tight binding data from ./. 
 Prefix of wannier function files:cucrse.95.up and cucrse.95.down.
Warning: Please check if the noise level of Wannier function Hamiltonian to make sure it is much smaller than the exchange values.

==========================================================================================
Cell (Angstrom):
3.45192275  -0.00000000  0.00000000
-1.72596137  2.98945279  0.00000000
0.00000000  0.00000000  24.28541500

==========================================================================================
Atoms:  
(Note: charge and magmoms only count the wannier functions.)
Atom number        x             y             z       w_charge  w_magmom 
Cr1             1.72596310    0.99648327    1.30310299    4.7723    2.8892
Cr2            -0.00000172    1.99296952    7.88061912    4.6691    2.7067
Cu1             1.72596310    0.99648327    4.12403538    9.7927   -0.0336
Se1             0.00000000    0.00000000   -0.03742126    4.8942   -0.1173
Se2             1.72596310    0.99648327    6.46217252    4.9362   -0.0985
Se3             0.00000000    0.00000000    9.26484594    4.8127   -0.1411
Se4            -0.00000172    1.99296952    2.87804048    5.1693   -0.0036
Total                                                    39.0466    5.2017

==========================================================================================
Orbitals used in decomposition: 
The name of the orbitals for the decomposition: 
Cr1 : ['orb_1', 'orb_2', 'orb_3', 'orb_4', 'orb_5']
Cr2 : ['orb_1', 'orb_2', 'orb_3', 'orb_4', 'orb_5']

==========================================================================================
Exchange: 
    i      j          R        J_iso(meV)          vector          distance(A) 
----------------------------------------------------------------------------------------
   Cr1   Cr1   (  0,  -1,   0) -3.2090   ( 1.726, -2.989,  0.000)  3.452 
J_iso: -3.2090 
----------------------------------------------------------------------------------------
   Cr2   Cr2   (  0,  -1,   0) -3.1484   ( 1.726, -2.989,  0.000)  3.452 
J_iso: -3.1484 
----------------------------------------------------------------------------------------
   Cr1   Cr1   (  0,   1,   0) -3.2090   (-1.726,  2.989,  0.000)  3.452 
J_iso: -3.2090 
----------------------------------------------------------------------------------------
   Cr2   Cr2   (  0,   1,   0) -3.1484   (-1.726,  2.989,  0.000)  3.452 
J_iso: -3.1484 
----------------------------------------------------------------------------------------
   Cr1   Cr1   ( -1,  -1,   0) -3.2690   (-1.726, -2.989,  0.000)  3.452 
J_iso: -3.2690 
----------------------------------------------------------------------------------------
   Cr2   Cr2   ( -1,  -1,   0) -3.2551   (-1.726, -2.989,  0.000)  3.452 
J_iso: -3.2551 
----------------------------------------------------------------------------------------
   Cr1   Cr1   (  1,   1,   0) -3.2690   ( 1.726,  2.989,  0.000)  3.452 
J_iso: -3.2690 
----------------------------------------------------------------------------------------
   Cr2   Cr2   (  1,   1,   0) -3.2551   ( 1.726,  2.989,  0.000)  3.452 
J_iso: -3.2551 
----------------------------------------------------------------------------------------
   Cr1   Cr1   ( -1,   0,   0) -3.2709   (-3.452,  0.000,  0.000)  3.452 
J_iso: -3.2709 
----------------------------------------------------------------------------------------
   Cr2   Cr2   ( -1,   0,   0) -3.3196   (-3.452,  0.000,  0.000)  3.452 
J_iso: -3.3196 
----------------------------------------------------------------------------------------
   Cr2   Cr2   (  1,   0,   0) -3.3196   ( 3.452,  0.000,  0.000)  3.452 
J_iso: -3.3196 
----------------------------------------------------------------------------------------
   Cr1   Cr1   (  1,   0,   0) -3.2709   ( 3.452,  0.000,  0.000)  3.452 
J_iso: -3.2709 
----------------------------------------------------------------------------------------
   Cr1   Cr1   ( -1,  -2,   0)  1.4381   (-0.000, -5.979,  0.000)  5.979 
J_iso:  1.4381 
----------------------------------------------------------------------------------------
   Cr2   Cr2   ( -1,  -2,   0)  1.2986   (-0.000, -5.979,  0.000)  5.979 
J_iso:  1.2986 
----------------------------------------------------------------------------------------
   Cr1   Cr1   (  1,   2,   0)  1.4381   ( 0.000,  5.979,  0.000)  5.979 
J_iso:  1.4381 
----------------------------------------------------------------------------------------
   Cr2   Cr2   (  1,   2,   0)  1.2986   ( 0.000,  5.979,  0.000)  5.979 
J_iso:  1.2986 
----------------------------------------------------------------------------------------
   Cr1   Cr1   ( -1,   1,   0)  1.4414   (-5.178,  2.989,  0.000)  5.979 
J_iso:  1.4414 
----------------------------------------------------------------------------------------
   Cr2   Cr2   ( -1,   1,   0)  1.2857   (-5.178,  2.989,  0.000)  5.979 
J_iso:  1.2857 
----------------------------------------------------------------------------------------
   Cr1   Cr1   (  1,  -1,   0)  1.4414   ( 5.178, -2.989,  0.000)  5.979 
J_iso:  1.4414 
----------------------------------------------------------------------------------------
   Cr2   Cr2   (  1,  -1,   0)  1.2857   ( 5.178, -2.989,  0.000)  5.979 
J_iso:  1.2857 
----------------------------------------------------------------------------------------
   Cr1   Cr1   ( -2,  -1,   0)  1.4260   (-5.178, -2.989,  0.000)  5.979 
J_iso:  1.4260 
----------------------------------------------------------------------------------------
   Cr2   Cr2   ( -2,  -1,   0)  1.1641   (-5.178, -2.989,  0.000)  5.979 
J_iso:  1.1641 
----------------------------------------------------------------------------------------
   Cr1   Cr1   (  2,   1,   0)  1.4260   ( 5.178,  2.989,  0.000)  5.979 
J_iso:  1.4260 
----------------------------------------------------------------------------------------
   Cr2   Cr2   (  2,   1,   0)  1.1641   ( 5.178,  2.989,  0.000)  5.979 
J_iso:  1.1641 
----------------------------------------------------------------------------------------
   Cr1   Cr2   (  0,  -1,   0)  0.5830   (-0.000, -1.993,  6.578)  6.873 
J_iso:  0.5830 
----------------------------------------------------------------------------------------
   Cr2   Cr1   (  0,   1,   0)  0.5830   ( 0.000,  1.993, -6.578)  6.873 
J_iso:  0.5830 
----------------------------------------------------------------------------------------
   Cr2   Cr1   ( -1,   0,   0)  0.5542   (-1.726, -0.996, -6.578)  6.873 
J_iso:  0.5542 
----------------------------------------------------------------------------------------
   Cr1   Cr2   (  1,   0,   0)  0.5542   ( 1.726,  0.996,  6.578)  6.873 
J_iso:  0.5542 
----------------------------------------------------------------------------------------
   Cr1   Cr2   (  0,   0,   0)  0.5890   (-1.726,  0.996,  6.578)  6.873 
J_iso:  0.5890 
----------------------------------------------------------------------------------------
   Cr2   Cr1   (  0,   0,   0)  0.5890   ( 1.726, -0.996, -6.578)  6.873 
J_iso:  0.5890 
----------------------------------------------------------------------------------------
   Cr1   Cr1   (  0,  -2,   0) -1.1219   ( 3.452, -5.979,  0.000)  6.904 
J_iso: -1.1219 
----------------------------------------------------------------------------------------
   Cr2   Cr2   (  0,  -2,   0) -0.1765   ( 3.452, -5.979,  0.000)  6.904 
J_iso: -0.1765 
----------------------------------------------------------------------------------------
   Cr1   Cr1   (  0,   2,   0) -1.1219   (-3.452,  5.979,  0.000)  6.904 
J_iso: -1.1219 
----------------------------------------------------------------------------------------
   Cr2   Cr2   (  0,   2,   0) -0.1765   (-3.452,  5.979,  0.000)  6.904 
J_iso: -0.1765 
----------------------------------------------------------------------------------------
   Cr1   Cr1   ( -2,  -2,   0) -1.0739   (-3.452, -5.979,  0.000)  6.904 
J_iso: -1.0739 
----------------------------------------------------------------------------------------
   Cr2   Cr2   ( -2,  -2,   0) -0.1972   (-3.452, -5.979,  0.000)  6.904 
J_iso: -0.1972 
----------------------------------------------------------------------------------------
   Cr1   Cr1   (  2,   2,   0) -1.0739   ( 3.452,  5.979,  0.000)  6.904 
J_iso: -1.0739 
----------------------------------------------------------------------------------------
   Cr2   Cr2   (  2,   2,   0) -0.1972   ( 3.452,  5.979,  0.000)  6.904 
J_iso: -0.1972 
----------------------------------------------------------------------------------------
   Cr1   Cr1   (  2,   0,   0) -1.0840   ( 6.904,  0.000,  0.000)  6.904 
J_iso: -1.0840 
----------------------------------------------------------------------------------------
   Cr1   Cr1   ( -2,   0,   0) -1.0840   (-6.904,  0.000,  0.000)  6.904 
J_iso: -1.0840 
----------------------------------------------------------------------------------------
   Cr2   Cr2   ( -2,   0,   0) -0.1880   (-6.904,  0.000,  0.000)  6.904 
J_iso: -0.1880 
----------------------------------------------------------------------------------------
   Cr2   Cr2   (  2,   0,   0) -0.1880   ( 6.904,  0.000,  0.000)  6.904 
J_iso: -0.1880 
----------------------------------------------------------------------------------------
   Cr2   Cr1   ( -1,   1,   0) -0.7152   (-3.452,  1.993, -6.578)  7.691 
J_iso: -0.7152 
----------------------------------------------------------------------------------------
   Cr1   Cr2   (  1,  -1,   0) -0.7152   ( 3.452, -1.993,  6.578)  7.691 
J_iso: -0.7152 
----------------------------------------------------------------------------------------
   Cr2   Cr1   ( -1,  -1,   0) -0.7297   ( 0.000, -3.986, -6.578)  7.691 
J_iso: -0.7297 
----------------------------------------------------------------------------------------
   Cr1   Cr2   (  1,   1,   0) -0.7297   (-0.000,  3.986,  6.578)  7.691 
J_iso: -0.7297 
----------------------------------------------------------------------------------------
   Cr1   Cr2   ( -1,  -1,   0) -0.7224   (-3.452, -1.993,  6.578)  7.691 
J_iso: -0.7224 
----------------------------------------------------------------------------------------
   Cr2   Cr1   (  1,   1,   0) -0.7224   ( 3.452,  1.993, -6.578)  7.691 
J_iso: -0.7224 
----------------------------------------------------------------------------------------
   Cr1   Cr2   (  0,  -2,   0)  0.3522   ( 1.726, -4.982,  6.578)  8.430 
J_iso:  0.3522 
----------------------------------------------------------------------------------------
   Cr2   Cr1   (  0,   2,   0)  0.3522   (-1.726,  4.982, -6.578)  8.430 
J_iso:  0.3522 
----------------------------------------------------------------------------------------
   Cr2   Cr1   ( -2,   0,   0)  0.3650   (-5.178, -0.996, -6.578)  8.430 
J_iso:  0.3650 
----------------------------------------------------------------------------------------
   Cr1   Cr2   (  2,   0,   0)  0.3650   ( 5.178,  0.996,  6.578)  8.430 
J_iso:  0.3650 
----------------------------------------------------------------------------------------
   Cr1   Cr2   ( -1,  -2,   0)  0.3653   (-1.726, -4.982,  6.578)  8.430 
J_iso:  0.3653 
----------------------------------------------------------------------------------------
   Cr2   Cr1   (  1,   2,   0)  0.3653   ( 1.726,  4.982, -6.578)  8.430 
J_iso:  0.3653 
----------------------------------------------------------------------------------------
   Cr2   Cr1   ( -2,  -1,   0)  0.3701   (-3.452, -3.986, -6.578)  8.430 
J_iso:  0.3701 
----------------------------------------------------------------------------------------
   Cr1   Cr2   (  2,   1,   0)  0.3701   ( 3.452,  3.986,  6.578)  8.430 
J_iso:  0.3701 
----------------------------------------------------------------------------------------
   Cr2   Cr1   (  0,  -1,   0)  0.3563   ( 3.452, -3.986, -6.578)  8.430 
J_iso:  0.3563 
----------------------------------------------------------------------------------------
   Cr1   Cr2   (  0,   1,   0)  0.3563   (-3.452,  3.986,  6.578)  8.430 
J_iso:  0.3563 
----------------------------------------------------------------------------------------
   Cr1   Cr2   ( -1,   0,   0)  0.3637   (-5.178,  0.996,  6.578)  8.430 
J_iso:  0.3637 
----------------------------------------------------------------------------------------
   Cr2   Cr1   (  1,   0,   0)  0.3637   ( 5.178, -0.996, -6.578)  8.430 
J_iso:  0.3637 
----------------------------------------------------------------------------------------
   Cr1   Cr1   ( -1,  -3,   0)  0.1196   ( 1.726, -8.968,  0.000)  9.133 
J_iso:  0.1196 
----------------------------------------------------------------------------------------
   Cr2   Cr2   ( -1,  -3,   0)  0.5276   ( 1.726, -8.968,  0.000)  9.133 
J_iso:  0.5276 
----------------------------------------------------------------------------------------
   Cr1   Cr1   (  1,   3,   0)  0.1196   (-1.726,  8.968,  0.000)  9.133 
J_iso:  0.1196 
----------------------------------------------------------------------------------------
   Cr2   Cr2   (  1,   3,   0)  0.5276   (-1.726,  8.968,  0.000)  9.133 
J_iso:  0.5276 
----------------------------------------------------------------------------------------
   Cr1   Cr1   ( -1,   2,   0)  0.1172   (-6.904,  5.979,  0.000)  9.133 
J_iso:  0.1172 
----------------------------------------------------------------------------------------
   Cr2   Cr2   ( -1,   2,   0)  0.5242   (-6.904,  5.979,  0.000)  9.133 
J_iso:  0.5242 
----------------------------------------------------------------------------------------
   Cr1   Cr1   (  1,  -2,   0)  0.1172   ( 6.904, -5.979,  0.000)  9.133 
J_iso:  0.1172 
----------------------------------------------------------------------------------------
   Cr2   Cr2   (  1,  -2,   0)  0.5242   ( 6.904, -5.979,  0.000)  9.133 
J_iso:  0.5242 
----------------------------------------------------------------------------------------
   Cr1   Cr1   ( -2,  -3,   0)  0.1036   (-1.726, -8.968,  0.000)  9.133 
J_iso:  0.1036 
----------------------------------------------------------------------------------------
   Cr2   Cr2   ( -2,  -3,   0)  0.5042   (-1.726, -8.968,  0.000)  9.133 
J_iso:  0.5042 
----------------------------------------------------------------------------------------
   Cr1   Cr1   (  2,   3,   0)  0.1036   ( 1.726,  8.968,  0.000)  9.133 
J_iso:  0.1036 
----------------------------------------------------------------------------------------
   Cr2   Cr2   (  2,   3,   0)  0.5042   ( 1.726,  8.968,  0.000)  9.133 
J_iso:  0.5042 
----------------------------------------------------------------------------------------
   Cr1   Cr1   ( -2,   1,   0)  0.1076   (-8.630,  2.989,  0.000)  9.133 
J_iso:  0.1076 
----------------------------------------------------------------------------------------
   Cr1   Cr1   (  2,  -1,   0)  0.1076   ( 8.630, -2.989,  0.000)  9.133 
J_iso:  0.1076 
----------------------------------------------------------------------------------------
   Cr2   Cr2   (  2,  -1,   0)  0.5046   ( 8.630, -2.989,  0.000)  9.133 
J_iso:  0.5046 
----------------------------------------------------------------------------------------
   Cr2   Cr2   ( -2,   1,   0)  0.5046   (-8.630,  2.989,  0.000)  9.133 
J_iso:  0.5046 
----------------------------------------------------------------------------------------
   Cr1   Cr1   ( -3,  -2,   0)  0.0949   (-6.904, -5.979,  0.000)  9.133 
J_iso:  0.0949 
----------------------------------------------------------------------------------------
   Cr2   Cr2   ( -3,  -2,   0)  0.4707   (-6.904, -5.979,  0.000)  9.133 
J_iso:  0.4707 
----------------------------------------------------------------------------------------
   Cr1   Cr1   (  3,   2,   0)  0.0949   ( 6.904,  5.979,  0.000)  9.133 
J_iso:  0.0949 
----------------------------------------------------------------------------------------
   Cr2   Cr2   (  3,   2,   0)  0.4707   ( 6.904,  5.979,  0.000)  9.133 
J_iso:  0.4707 
----------------------------------------------------------------------------------------
   Cr1   Cr1   ( -3,  -1,   0)  0.1005   (-8.630, -2.989,  0.000)  9.133 
J_iso:  0.1005 
----------------------------------------------------------------------------------------
   Cr2   Cr2   ( -3,  -1,   0)  0.4626   (-8.630, -2.989,  0.000)  9.133 
J_iso:  0.4626 
----------------------------------------------------------------------------------------
   Cr1   Cr1   (  3,   1,   0)  0.1005   ( 8.630,  2.989,  0.000)  9.133 
J_iso:  0.1005 
----------------------------------------------------------------------------------------
   Cr2   Cr2   (  3,   1,   0)  0.4626   ( 8.630,  2.989,  0.000)  9.133 
J_iso:  0.4626 
----------------------------------------------------------------------------------------
   Cr1   Cr2   (  1,  -2,   0)  0.1380   ( 5.178, -4.982,  6.578)  9.742 
J_iso:  0.1380 
----------------------------------------------------------------------------------------
   Cr2   Cr1   ( -1,   2,   0)  0.1380   (-5.178,  4.982, -6.578)  9.742 
J_iso:  0.1380 
----------------------------------------------------------------------------------------
   Cr2   Cr1   ( -2,   1,   0)  0.1364   (-6.904,  1.993, -6.578)  9.742 
J_iso:  0.1364 
----------------------------------------------------------------------------------------
   Cr1   Cr2   (  2,  -1,   0)  0.1364   ( 6.904, -1.993,  6.578)  9.742 
J_iso:  0.1364 
----------------------------------------------------------------------------------------
   Cr2   Cr1   ( -2,  -2,   0)  0.1380   (-1.726, -6.975, -6.578)  9.742 
J_iso:  0.1380 
----------------------------------------------------------------------------------------
   Cr1   Cr2   (  2,   2,   0)  0.1380   ( 1.726,  6.975,  6.578)  9.742 
J_iso:  0.1380 
----------------------------------------------------------------------------------------
   Cr1   Cr2   ( -2,  -2,   0)  0.1382   (-5.178, -4.982,  6.578)  9.742 
J_iso:  0.1382 
----------------------------------------------------------------------------------------
   Cr2   Cr1   (  2,   2,   0)  0.1382   ( 5.178,  4.982, -6.578)  9.742 
J_iso:  0.1382 
----------------------------------------------------------------------------------------
   Cr2   Cr1   ( -1,  -2,   0)  0.1387   ( 1.726, -6.975, -6.578)  9.742 
J_iso:  0.1387 
----------------------------------------------------------------------------------------
   Cr1   Cr2   (  1,   2,   0)  0.1387   (-1.726,  6.975,  6.578)  9.742 
J_iso:  0.1387 
----------------------------------------------------------------------------------------
   Cr1   Cr2   ( -2,  -1,   0)  0.1399   (-6.904, -1.993,  6.578)  9.742 
J_iso:  0.1399 
----------------------------------------------------------------------------------------
   Cr2   Cr1   (  2,   1,   0)  0.1399   ( 6.904,  1.993, -6.578)  9.742 
J_iso:  0.1399 
