==========================================================================================
Information: 
Exchange parameters generated by TB2J 0.7.7.2
Generation time: 23/12/15 21:14:28
 Input from collinear Wannier90 data.
 Tight binding data from ./. 
 Prefix of wannier function files:cucrse.104.up and cucrse.104.down.
Warning: Please check if the noise level of Wannier function Hamiltonian to make sure it is much smaller than the exchange values.

==========================================================================================
Cell (Angstrom):
3.77894701  -0.00000000  0.00000000
-1.88947350  3.27266411  0.00000000
0.00000000  0.00000000  24.28541500

==========================================================================================
Atoms:  
(Note: charge and magmoms only count the wannier functions.)
Atom number        x             y             z       w_charge  w_magmom 
Cr1             1.88947540    1.09088695    1.30310299    4.6054    3.1508
Cr2            -0.00000189    2.18177716    7.88061912    4.4899    3.0227
Cu1             1.88947540    1.09088695    4.12403538    9.7852   -0.0925
Se1             0.00000000    0.00000000   -0.03742126    4.9930   -0.2579
Se2             1.88947540    1.09088695    6.46217252    5.0402   -0.2370
Se3             0.00000000    0.00000000    9.26484594    4.8751   -0.3366
Se4            -0.00000189    2.18177716    2.87804048    5.2397   -0.1022
Total                                                    39.0285    5.1473

==========================================================================================
Orbitals used in decomposition: 
The name of the orbitals for the decomposition: 
Cr1 : ['orb_1', 'orb_2', 'orb_3', 'orb_4', 'orb_5']
Cr2 : ['orb_1', 'orb_2', 'orb_3', 'orb_4', 'orb_5']

==========================================================================================
Exchange: 
    i      j          R        J_iso(meV)          vector          distance(A) 
----------------------------------------------------------------------------------------
   Cr2   Cr2   (  0,   1,   0)  5.6055   (-1.889,  3.273,  0.000)  3.779 
J_iso:  5.6055 
----------------------------------------------------------------------------------------
   Cr1   Cr1   (  0,  -1,   0)  6.9055   ( 1.889, -3.273,  0.000)  3.779 
J_iso:  6.9055 
----------------------------------------------------------------------------------------
   Cr2   Cr2   (  0,  -1,   0)  5.6055   ( 1.889, -3.273,  0.000)  3.779 
J_iso:  5.6055 
----------------------------------------------------------------------------------------
   Cr1   Cr1   (  0,   1,   0)  6.9055   (-1.889,  3.273,  0.000)  3.779 
J_iso:  6.9055 
----------------------------------------------------------------------------------------
   Cr2   Cr2   (  1,   1,   0)  5.5970   ( 1.889,  3.273,  0.000)  3.779 
J_iso:  5.5970 
----------------------------------------------------------------------------------------
   Cr1   Cr1   ( -1,  -1,   0)  6.8690   (-1.889, -3.273,  0.000)  3.779 
J_iso:  6.8690 
----------------------------------------------------------------------------------------
   Cr2   Cr2   ( -1,  -1,   0)  5.5970   (-1.889, -3.273,  0.000)  3.779 
J_iso:  5.5970 
----------------------------------------------------------------------------------------
   Cr1   Cr1   (  1,   1,   0)  6.8690   ( 1.889,  3.273,  0.000)  3.779 
J_iso:  6.8690 
----------------------------------------------------------------------------------------
   Cr1   Cr1   (  1,   0,   0)  6.8679   ( 3.779,  0.000,  0.000)  3.779 
J_iso:  6.8679 
----------------------------------------------------------------------------------------
   Cr1   Cr1   ( -1,   0,   0)  6.8679   (-3.779,  0.000,  0.000)  3.779 
J_iso:  6.8679 
----------------------------------------------------------------------------------------
   Cr2   Cr2   ( -1,   0,   0)  5.5746   (-3.779,  0.000,  0.000)  3.779 
J_iso:  5.5746 
----------------------------------------------------------------------------------------
   Cr2   Cr2   (  1,   0,   0)  5.5746   ( 3.779,  0.000,  0.000)  3.779 
J_iso:  5.5746 
----------------------------------------------------------------------------------------
   Cr1   Cr1   ( -1,  -2,   0)  0.6172   (-0.000, -6.545,  0.000)  6.545 
J_iso:  0.6172 
----------------------------------------------------------------------------------------
   Cr2   Cr2   ( -1,  -2,   0)  1.1770   (-0.000, -6.545,  0.000)  6.545 
J_iso:  1.1770 
----------------------------------------------------------------------------------------
   Cr1   Cr1   (  1,   2,   0)  0.6172   ( 0.000,  6.545,  0.000)  6.545 
J_iso:  0.6172 
----------------------------------------------------------------------------------------
   Cr2   Cr2   (  1,   2,   0)  1.1770   ( 0.000,  6.545,  0.000)  6.545 
J_iso:  1.1770 
----------------------------------------------------------------------------------------
   Cr1   Cr1   ( -1,   1,   0)  0.6082   (-5.668,  3.273,  0.000)  6.545 
J_iso:  0.6082 
----------------------------------------------------------------------------------------
   Cr2   Cr2   ( -1,   1,   0)  1.1679   (-5.668,  3.273,  0.000)  6.545 
J_iso:  1.1679 
----------------------------------------------------------------------------------------
   Cr1   Cr1   (  1,  -1,   0)  0.6082   ( 5.668, -3.273,  0.000)  6.545 
J_iso:  0.6082 
----------------------------------------------------------------------------------------
   Cr2   Cr2   (  1,  -1,   0)  1.1679   ( 5.668, -3.273,  0.000)  6.545 
J_iso:  1.1679 
----------------------------------------------------------------------------------------
   Cr1   Cr1   ( -2,  -1,   0)  0.5987   (-5.668, -3.273,  0.000)  6.545 
J_iso:  0.5987 
----------------------------------------------------------------------------------------
   Cr2   Cr2   ( -2,  -1,   0)  1.0998   (-5.668, -3.273,  0.000)  6.545 
J_iso:  1.0998 
----------------------------------------------------------------------------------------
   Cr1   Cr1   (  2,   1,   0)  0.5987   ( 5.668,  3.273,  0.000)  6.545 
J_iso:  0.5987 
----------------------------------------------------------------------------------------
   Cr2   Cr2   (  2,   1,   0)  1.0998   ( 5.668,  3.273,  0.000)  6.545 
J_iso:  1.0998 
----------------------------------------------------------------------------------------
   Cr1   Cr2   (  0,  -1,   0)  0.8310   (-0.000, -2.182,  6.578)  6.930 
J_iso:  0.8310 
----------------------------------------------------------------------------------------
   Cr2   Cr1   (  0,   1,   0)  0.8310   ( 0.000,  2.182, -6.578)  6.930 
J_iso:  0.8310 
----------------------------------------------------------------------------------------
   Cr2   Cr1   ( -1,   0,   0)  0.8026   (-1.889, -1.091, -6.578)  6.930 
J_iso:  0.8026 
----------------------------------------------------------------------------------------
   Cr1   Cr2   (  1,   0,   0)  0.8026   ( 1.889,  1.091,  6.578)  6.930 
J_iso:  0.8026 
----------------------------------------------------------------------------------------
   Cr1   Cr2   (  0,   0,   0)  0.8310   (-1.889,  1.091,  6.578)  6.930 
J_iso:  0.8310 
----------------------------------------------------------------------------------------
   Cr2   Cr1   (  0,   0,   0)  0.8310   ( 1.889, -1.091, -6.578)  6.930 
J_iso:  0.8310 
----------------------------------------------------------------------------------------
   Cr1   Cr1   (  0,  -2,   0) -0.3735   ( 3.779, -6.545,  0.000)  7.558 
J_iso: -0.3735 
----------------------------------------------------------------------------------------
   Cr2   Cr2   (  0,  -2,   0)  0.5182   ( 3.779, -6.545,  0.000)  7.558 
J_iso:  0.5182 
----------------------------------------------------------------------------------------
   Cr1   Cr1   (  0,   2,   0) -0.3735   (-3.779,  6.545,  0.000)  7.558 
J_iso: -0.3735 
----------------------------------------------------------------------------------------
   Cr2   Cr2   (  0,   2,   0)  0.5182   (-3.779,  6.545,  0.000)  7.558 
J_iso:  0.5182 
----------------------------------------------------------------------------------------
   Cr1   Cr1   ( -2,  -2,   0) -0.3794   (-3.779, -6.545,  0.000)  7.558 
J_iso: -0.3794 
----------------------------------------------------------------------------------------
   Cr2   Cr2   ( -2,  -2,   0)  0.4024   (-3.779, -6.545,  0.000)  7.558 
J_iso:  0.4024 
----------------------------------------------------------------------------------------
   Cr1   Cr1   (  2,   2,   0) -0.3794   ( 3.779,  6.545,  0.000)  7.558 
J_iso: -0.3794 
----------------------------------------------------------------------------------------
   Cr2   Cr2   (  2,   2,   0)  0.4024   ( 3.779,  6.545,  0.000)  7.558 
J_iso:  0.4024 
----------------------------------------------------------------------------------------
   Cr1   Cr1   ( -2,   0,   0) -0.3880   (-7.558,  0.000,  0.000)  7.558 
J_iso: -0.3880 
----------------------------------------------------------------------------------------
   Cr2   Cr2   ( -2,   0,   0)  0.4144   (-7.558,  0.000,  0.000)  7.558 
J_iso:  0.4144 
----------------------------------------------------------------------------------------
   Cr1   Cr1   (  2,   0,   0) -0.3880   ( 7.558,  0.000,  0.000)  7.558 
J_iso: -0.3880 
----------------------------------------------------------------------------------------
   Cr2   Cr2   (  2,   0,   0)  0.4144   ( 7.558,  0.000,  0.000)  7.558 
J_iso:  0.4144 
----------------------------------------------------------------------------------------
   Cr2   Cr1   ( -1,   1,   0) -0.6264   (-3.779,  2.182, -6.578)  7.893 
J_iso: -0.6264 
----------------------------------------------------------------------------------------
   Cr1   Cr2   (  1,  -1,   0) -0.6264   ( 3.779, -2.182,  6.578)  7.893 
J_iso: -0.6264 
----------------------------------------------------------------------------------------
   Cr2   Cr1   ( -1,  -1,   0) -0.6301   ( 0.000, -4.364, -6.578)  7.893 
J_iso: -0.6301 
----------------------------------------------------------------------------------------
   Cr1   Cr2   (  1,   1,   0) -0.6301   (-0.000,  4.364,  6.578)  7.893 
J_iso: -0.6301 
----------------------------------------------------------------------------------------
   Cr1   Cr2   ( -1,  -1,   0) -0.6178   (-3.779, -2.182,  6.578)  7.893 
J_iso: -0.6178 
----------------------------------------------------------------------------------------
   Cr2   Cr1   (  1,   1,   0) -0.6178   ( 3.779,  2.182, -6.578)  7.893 
J_iso: -0.6178 
----------------------------------------------------------------------------------------
   Cr1   Cr2   (  0,  -2,   0)  0.1313   ( 1.889, -5.454,  6.578)  8.751 
J_iso:  0.1313 
----------------------------------------------------------------------------------------
   Cr2   Cr1   (  0,   2,   0)  0.1313   (-1.889,  5.454, -6.578)  8.751 
J_iso:  0.1313 
----------------------------------------------------------------------------------------
   Cr2   Cr1   ( -2,   0,   0)  0.1479   (-5.668, -1.091, -6.578)  8.751 
J_iso:  0.1479 
----------------------------------------------------------------------------------------
   Cr1   Cr2   (  2,   0,   0)  0.1479   ( 5.668,  1.091,  6.578)  8.751 
J_iso:  0.1479 
----------------------------------------------------------------------------------------
   Cr1   Cr2   ( -1,  -2,   0)  0.1319   (-1.889, -5.454,  6.578)  8.751 
J_iso:  0.1319 
----------------------------------------------------------------------------------------
   Cr2   Cr1   (  1,   2,   0)  0.1319   ( 1.889,  5.454, -6.578)  8.751 
J_iso:  0.1319 
----------------------------------------------------------------------------------------
   Cr2   Cr1   ( -2,  -1,   0)  0.1487   (-3.779, -4.364, -6.578)  8.751 
J_iso:  0.1487 
----------------------------------------------------------------------------------------
   Cr1   Cr2   (  2,   1,   0)  0.1487   ( 3.779,  4.364,  6.578)  8.751 
J_iso:  0.1487 
----------------------------------------------------------------------------------------
   Cr1   Cr2   (  0,   1,   0)  0.1310   (-3.779,  4.364,  6.578)  8.751 
J_iso:  0.1310 
----------------------------------------------------------------------------------------
   Cr2   Cr1   (  0,  -1,   0)  0.1310   ( 3.779, -4.364, -6.578)  8.751 
J_iso:  0.1310 
----------------------------------------------------------------------------------------
   Cr1   Cr2   ( -1,   0,   0)  0.1310   (-5.668,  1.091,  6.578)  8.751 
J_iso:  0.1310 
----------------------------------------------------------------------------------------
   Cr2   Cr1   (  1,   0,   0)  0.1310   ( 5.668, -1.091, -6.578)  8.751 
J_iso:  0.1310 
----------------------------------------------------------------------------------------
   Cr1   Cr1   ( -1,  -3,   0)  0.0505   ( 1.889, -9.818,  0.000)  9.998 
J_iso:  0.0505 
----------------------------------------------------------------------------------------
   Cr2   Cr2   ( -1,  -3,   0)  0.3077   ( 1.889, -9.818,  0.000)  9.998 
J_iso:  0.3077 
----------------------------------------------------------------------------------------
   Cr1   Cr1   (  1,   3,   0)  0.0505   (-1.889,  9.818,  0.000)  9.998 
J_iso:  0.0505 
----------------------------------------------------------------------------------------
   Cr2   Cr2   (  1,   3,   0)  0.3077   (-1.889,  9.818,  0.000)  9.998 
J_iso:  0.3077 
----------------------------------------------------------------------------------------
   Cr1   Cr1   ( -1,   2,   0)  0.0483   (-7.558,  6.545,  0.000)  9.998 
J_iso:  0.0483 
----------------------------------------------------------------------------------------
   Cr2   Cr2   ( -1,   2,   0)  0.3076   (-7.558,  6.545,  0.000)  9.998 
J_iso:  0.3076 
----------------------------------------------------------------------------------------
   Cr1   Cr1   (  1,  -2,   0)  0.0483   ( 7.558, -6.545,  0.000)  9.998 
J_iso:  0.0483 
----------------------------------------------------------------------------------------
   Cr2   Cr2   (  1,  -2,   0)  0.3076   ( 7.558, -6.545,  0.000)  9.998 
J_iso:  0.3076 
----------------------------------------------------------------------------------------
   Cr1   Cr1   ( -2,  -3,   0)  0.0521   (-1.889, -9.818,  0.000)  9.998 
J_iso:  0.0521 
----------------------------------------------------------------------------------------
   Cr2   Cr2   ( -2,  -3,   0)  0.3282   (-1.889, -9.818,  0.000)  9.998 
J_iso:  0.3282 
----------------------------------------------------------------------------------------
   Cr1   Cr1   (  2,   3,   0)  0.0521   ( 1.889,  9.818,  0.000)  9.998 
J_iso:  0.0521 
----------------------------------------------------------------------------------------
   Cr2   Cr2   (  2,   3,   0)  0.3282   ( 1.889,  9.818,  0.000)  9.998 
J_iso:  0.3282 
----------------------------------------------------------------------------------------
   Cr1   Cr1   (  2,  -1,   0)  0.0530   ( 9.447, -3.273,  0.000)  9.998 
J_iso:  0.0530 
----------------------------------------------------------------------------------------
   Cr1   Cr1   ( -2,   1,   0)  0.0530   (-9.447,  3.273,  0.000)  9.998 
J_iso:  0.0530 
----------------------------------------------------------------------------------------
   Cr2   Cr2   ( -2,   1,   0)  0.3273   (-9.447,  3.273,  0.000)  9.998 
J_iso:  0.3273 
----------------------------------------------------------------------------------------
   Cr2   Cr2   (  2,  -1,   0)  0.3273   ( 9.447, -3.273,  0.000)  9.998 
J_iso:  0.3273 
----------------------------------------------------------------------------------------
   Cr1   Cr1   ( -3,  -2,   0)  0.0417   (-7.558, -6.545,  0.000)  9.998 
J_iso:  0.0417 
----------------------------------------------------------------------------------------
   Cr2   Cr2   ( -3,  -2,   0)  0.2780   (-7.558, -6.545,  0.000)  9.998 
J_iso:  0.2780 
----------------------------------------------------------------------------------------
   Cr1   Cr1   (  3,   2,   0)  0.0417   ( 7.558,  6.545,  0.000)  9.998 
J_iso:  0.0417 
----------------------------------------------------------------------------------------
   Cr2   Cr2   (  3,   2,   0)  0.2780   ( 7.558,  6.545,  0.000)  9.998 
J_iso:  0.2780 
----------------------------------------------------------------------------------------
   Cr1   Cr1   (  3,   1,   0)  0.0412   ( 9.447,  3.273,  0.000)  9.998 
J_iso:  0.0412 
----------------------------------------------------------------------------------------
   Cr1   Cr1   ( -3,  -1,   0)  0.0412   (-9.447, -3.273,  0.000)  9.998 
J_iso:  0.0412 
----------------------------------------------------------------------------------------
   Cr2   Cr2   ( -3,  -1,   0)  0.2729   (-9.447, -3.273,  0.000)  9.998 
J_iso:  0.2729 
----------------------------------------------------------------------------------------
   Cr2   Cr2   (  3,   1,   0)  0.2729   ( 9.447,  3.273,  0.000)  9.998 
J_iso:  0.2729 
