==========================================================================================
Information: 
Exchange parameters generated by TB2J 0.7.7.2
Generation time: 23/12/15 21:05:41
 Input from collinear Wannier90 data.
 Tight binding data from ./. 
 Prefix of wannier function files:cucrse.103.up and cucrse.103.down.
Warning: Please check if the noise level of Wannier function Hamiltonian to make sure it is much smaller than the exchange values.

==========================================================================================
Cell (Angstrom):
3.74261098  -0.00000000  0.00000000
-1.87130549  3.24119619  0.00000000
0.00000000  0.00000000  24.28541500

==========================================================================================
Atoms:  
(Note: charge and magmoms only count the wannier functions.)
Atom number        x             y             z       w_charge  w_magmom 
Cr1             1.87130736    1.08039765    1.30310299    4.6035    3.1059
Cr2            -0.00000187    2.16079854    7.88061912    4.5072    2.9917
Cu1             1.87130736    1.08039765    4.12403538    9.7783   -0.0947
Se1             0.00000000    0.00000000   -0.03742126    4.9753   -0.2514
Se2             1.87130736    1.08039765    6.46217252    5.0314   -0.2274
Se3             0.00000000    0.00000000    9.26484594    4.8749   -0.3099
Se4            -0.00000187    2.16079854    2.87804048    5.2171   -0.1076
Total                                                    38.9877    5.1065

==========================================================================================
Orbitals used in decomposition: 
The name of the orbitals for the decomposition: 
Cr1 : ['orb_1', 'orb_2', 'orb_3', 'orb_4', 'orb_5']
Cr2 : ['orb_1', 'orb_2', 'orb_3', 'orb_4', 'orb_5']

==========================================================================================
Exchange: 
    i      j          R        J_iso(meV)          vector          distance(A) 
----------------------------------------------------------------------------------------
   Cr1   Cr1   (  0,   1,   0)  6.6876   (-1.871,  3.241,  0.000)  3.743 
J_iso:  6.6876 
----------------------------------------------------------------------------------------
   Cr1   Cr1   (  0,  -1,   0)  6.6876   ( 1.871, -3.241,  0.000)  3.743 
J_iso:  6.6876 
----------------------------------------------------------------------------------------
   Cr2   Cr2   (  0,  -1,   0)  5.2629   ( 1.871, -3.241,  0.000)  3.743 
J_iso:  5.2629 
----------------------------------------------------------------------------------------
   Cr2   Cr2   (  0,   1,   0)  5.2629   (-1.871,  3.241,  0.000)  3.743 
J_iso:  5.2629 
----------------------------------------------------------------------------------------
   Cr1   Cr1   (  1,   1,   0)  6.6441   ( 1.871,  3.241,  0.000)  3.743 
J_iso:  6.6441 
----------------------------------------------------------------------------------------
   Cr2   Cr2   ( -1,  -1,   0)  5.2282   (-1.871, -3.241,  0.000)  3.743 
J_iso:  5.2282 
----------------------------------------------------------------------------------------
   Cr2   Cr2   (  1,   1,   0)  5.2282   ( 1.871,  3.241,  0.000)  3.743 
J_iso:  5.2282 
----------------------------------------------------------------------------------------
   Cr1   Cr1   ( -1,  -1,   0)  6.6441   (-1.871, -3.241,  0.000)  3.743 
J_iso:  6.6441 
----------------------------------------------------------------------------------------
   Cr1   Cr1   (  1,   0,   0)  6.6487   ( 3.743,  0.000,  0.000)  3.743 
J_iso:  6.6487 
----------------------------------------------------------------------------------------
   Cr1   Cr1   ( -1,   0,   0)  6.6487   (-3.743,  0.000,  0.000)  3.743 
J_iso:  6.6487 
----------------------------------------------------------------------------------------
   Cr2   Cr2   ( -1,   0,   0)  5.1921   (-3.743,  0.000,  0.000)  3.743 
J_iso:  5.1921 
----------------------------------------------------------------------------------------
   Cr2   Cr2   (  1,   0,   0)  5.1921   ( 3.743,  0.000,  0.000)  3.743 
J_iso:  5.1921 
----------------------------------------------------------------------------------------
   Cr2   Cr2   ( -1,  -2,   0)  1.1758   (-0.000, -6.482,  0.000)  6.482 
J_iso:  1.1758 
----------------------------------------------------------------------------------------
   Cr1   Cr1   ( -1,  -2,   0)  0.7076   (-0.000, -6.482,  0.000)  6.482 
J_iso:  0.7076 
----------------------------------------------------------------------------------------
   Cr1   Cr1   (  1,   2,   0)  0.7076   ( 0.000,  6.482,  0.000)  6.482 
J_iso:  0.7076 
----------------------------------------------------------------------------------------
   Cr2   Cr2   (  1,   2,   0)  1.1758   ( 0.000,  6.482,  0.000)  6.482 
J_iso:  1.1758 
----------------------------------------------------------------------------------------
   Cr1   Cr1   ( -1,   1,   0)  0.6971   (-5.614,  3.241,  0.000)  6.482 
J_iso:  0.6971 
----------------------------------------------------------------------------------------
   Cr2   Cr2   ( -1,   1,   0)  1.1716   (-5.614,  3.241,  0.000)  6.482 
J_iso:  1.1716 
----------------------------------------------------------------------------------------
   Cr1   Cr1   (  1,  -1,   0)  0.6971   ( 5.614, -3.241,  0.000)  6.482 
J_iso:  0.6971 
----------------------------------------------------------------------------------------
   Cr2   Cr2   (  1,  -1,   0)  1.1716   ( 5.614, -3.241,  0.000)  6.482 
J_iso:  1.1716 
----------------------------------------------------------------------------------------
   Cr1   Cr1   ( -2,  -1,   0)  0.6858   (-5.614, -3.241,  0.000)  6.482 
J_iso:  0.6858 
----------------------------------------------------------------------------------------
   Cr2   Cr2   ( -2,  -1,   0)  1.0756   (-5.614, -3.241,  0.000)  6.482 
J_iso:  1.0756 
----------------------------------------------------------------------------------------
   Cr1   Cr1   (  2,   1,   0)  0.6858   ( 5.614,  3.241,  0.000)  6.482 
J_iso:  0.6858 
----------------------------------------------------------------------------------------
   Cr2   Cr2   (  2,   1,   0)  1.0756   ( 5.614,  3.241,  0.000)  6.482 
J_iso:  1.0756 
----------------------------------------------------------------------------------------
   Cr1   Cr2   (  0,  -1,   0)  0.8682   (-0.000, -2.161,  6.578)  6.923 
J_iso:  0.8682 
----------------------------------------------------------------------------------------
   Cr2   Cr1   (  0,   1,   0)  0.8682   ( 0.000,  2.161, -6.578)  6.923 
J_iso:  0.8682 
----------------------------------------------------------------------------------------
   Cr2   Cr1   ( -1,   0,   0)  0.8338   (-1.871, -1.080, -6.578)  6.923 
J_iso:  0.8338 
----------------------------------------------------------------------------------------
   Cr1   Cr2   (  1,   0,   0)  0.8338   ( 1.871,  1.080,  6.578)  6.923 
J_iso:  0.8338 
----------------------------------------------------------------------------------------
   Cr1   Cr2   (  0,   0,   0)  0.8681   (-1.871,  1.080,  6.578)  6.923 
J_iso:  0.8681 
----------------------------------------------------------------------------------------
   Cr2   Cr1   (  0,   0,   0)  0.8681   ( 1.871, -1.080, -6.578)  6.923 
J_iso:  0.8681 
----------------------------------------------------------------------------------------
   Cr2   Cr2   (  0,  -2,   0)  0.4736   ( 3.743, -6.482,  0.000)  7.485 
J_iso:  0.4736 
----------------------------------------------------------------------------------------
   Cr1   Cr1   (  0,  -2,   0) -0.3635   ( 3.743, -6.482,  0.000)  7.485 
J_iso: -0.3635 
----------------------------------------------------------------------------------------
   Cr1   Cr1   (  0,   2,   0) -0.3635   (-3.743,  6.482,  0.000)  7.485 
J_iso: -0.3635 
----------------------------------------------------------------------------------------
   Cr2   Cr2   (  0,   2,   0)  0.4736   (-3.743,  6.482,  0.000)  7.485 
J_iso:  0.4736 
----------------------------------------------------------------------------------------
   Cr2   Cr2   ( -2,  -2,   0)  0.3710   (-3.743, -6.482,  0.000)  7.485 
J_iso:  0.3710 
----------------------------------------------------------------------------------------
   Cr1   Cr1   ( -2,  -2,   0) -0.3670   (-3.743, -6.482,  0.000)  7.485 
J_iso: -0.3670 
----------------------------------------------------------------------------------------
   Cr1   Cr1   (  2,   2,   0) -0.3670   ( 3.743,  6.482,  0.000)  7.485 
J_iso: -0.3670 
----------------------------------------------------------------------------------------
   Cr2   Cr2   (  2,   2,   0)  0.3710   ( 3.743,  6.482,  0.000)  7.485 
J_iso:  0.3710 
----------------------------------------------------------------------------------------
   Cr1   Cr1   (  2,   0,   0) -0.3752   ( 7.485,  0.000,  0.000)  7.485 
J_iso: -0.3752 
----------------------------------------------------------------------------------------
   Cr1   Cr1   ( -2,   0,   0) -0.3752   (-7.485,  0.000,  0.000)  7.485 
J_iso: -0.3752 
----------------------------------------------------------------------------------------
   Cr2   Cr2   ( -2,   0,   0)  0.3843   (-7.485,  0.000,  0.000)  7.485 
J_iso:  0.3843 
----------------------------------------------------------------------------------------
   Cr2   Cr2   (  2,   0,   0)  0.3843   ( 7.485,  0.000,  0.000)  7.485 
J_iso:  0.3843 
----------------------------------------------------------------------------------------
   Cr2   Cr1   ( -1,   1,   0) -0.5849   (-3.743,  2.161, -6.578)  7.870 
J_iso: -0.5849 
----------------------------------------------------------------------------------------
   Cr1   Cr2   (  1,  -1,   0) -0.5849   ( 3.743, -2.161,  6.578)  7.870 
J_iso: -0.5849 
----------------------------------------------------------------------------------------
   Cr1   Cr2   (  1,   1,   0) -0.5864   (-0.000,  4.322,  6.578)  7.870 
J_iso: -0.5864 
----------------------------------------------------------------------------------------
   Cr2   Cr1   ( -1,  -1,   0) -0.5864   ( 0.000, -4.322, -6.578)  7.870 
J_iso: -0.5864 
----------------------------------------------------------------------------------------
   Cr2   Cr1   (  1,   1,   0) -0.5830   ( 3.743,  2.161, -6.578)  7.870 
J_iso: -0.5830 
----------------------------------------------------------------------------------------
   Cr1   Cr2   ( -1,  -1,   0) -0.5830   (-3.743, -2.161,  6.578)  7.870 
J_iso: -0.5830 
----------------------------------------------------------------------------------------
   Cr1   Cr2   (  0,  -2,   0)  0.1633   ( 1.871, -5.402,  6.578)  8.715 
J_iso:  0.1633 
----------------------------------------------------------------------------------------
   Cr2   Cr1   (  0,   2,   0)  0.1633   (-1.871,  5.402, -6.578)  8.715 
J_iso:  0.1633 
----------------------------------------------------------------------------------------
   Cr2   Cr1   ( -2,   0,   0)  0.1776   (-5.614, -1.080, -6.578)  8.715 
J_iso:  0.1776 
----------------------------------------------------------------------------------------
   Cr1   Cr2   (  2,   0,   0)  0.1776   ( 5.614,  1.080,  6.578)  8.715 
J_iso:  0.1776 
----------------------------------------------------------------------------------------
   Cr1   Cr2   ( -1,  -2,   0)  0.1647   (-1.871, -5.402,  6.578)  8.715 
J_iso:  0.1647 
----------------------------------------------------------------------------------------
   Cr2   Cr1   (  1,   2,   0)  0.1647   ( 1.871,  5.402, -6.578)  8.715 
J_iso:  0.1647 
----------------------------------------------------------------------------------------
   Cr1   Cr2   (  2,   1,   0)  0.1789   ( 3.743,  4.322,  6.578)  8.715 
J_iso:  0.1789 
----------------------------------------------------------------------------------------
   Cr2   Cr1   ( -2,  -1,   0)  0.1789   (-3.743, -4.322, -6.578)  8.715 
J_iso:  0.1789 
----------------------------------------------------------------------------------------
   Cr2   Cr1   (  0,  -1,   0)  0.1638   ( 3.743, -4.322, -6.578)  8.715 
J_iso:  0.1638 
----------------------------------------------------------------------------------------
   Cr1   Cr2   (  0,   1,   0)  0.1638   (-3.743,  4.322,  6.578)  8.715 
J_iso:  0.1638 
----------------------------------------------------------------------------------------
   Cr1   Cr2   ( -1,   0,   0)  0.1638   (-5.614,  1.080,  6.578)  8.715 
J_iso:  0.1638 
----------------------------------------------------------------------------------------
   Cr2   Cr1   (  1,   0,   0)  0.1638   ( 5.614, -1.080, -6.578)  8.715 
J_iso:  0.1638 
----------------------------------------------------------------------------------------
   Cr1   Cr1   ( -1,  -3,   0)  0.0592   ( 1.871, -9.724,  0.000)  9.902 
J_iso:  0.0592 
----------------------------------------------------------------------------------------
   Cr2   Cr2   ( -1,  -3,   0)  0.3029   ( 1.871, -9.724,  0.000)  9.902 
J_iso:  0.3029 
----------------------------------------------------------------------------------------
   Cr1   Cr1   (  1,   3,   0)  0.0592   (-1.871,  9.724,  0.000)  9.902 
J_iso:  0.0592 
----------------------------------------------------------------------------------------
   Cr2   Cr2   (  1,   3,   0)  0.3029   (-1.871,  9.724,  0.000)  9.902 
J_iso:  0.3029 
----------------------------------------------------------------------------------------
   Cr1   Cr1   ( -1,   2,   0)  0.0559   (-7.485,  6.482,  0.000)  9.902 
J_iso:  0.0559 
----------------------------------------------------------------------------------------
   Cr2   Cr2   ( -1,   2,   0)  0.3012   (-7.485,  6.482,  0.000)  9.902 
J_iso:  0.3012 
----------------------------------------------------------------------------------------
   Cr1   Cr1   (  1,  -2,   0)  0.0559   ( 7.485, -6.482,  0.000)  9.902 
J_iso:  0.0559 
----------------------------------------------------------------------------------------
   Cr2   Cr2   (  1,  -2,   0)  0.3012   ( 7.485, -6.482,  0.000)  9.902 
J_iso:  0.3012 
----------------------------------------------------------------------------------------
   Cr1   Cr1   ( -2,  -3,   0)  0.0599   (-1.871, -9.724,  0.000)  9.902 
J_iso:  0.0599 
----------------------------------------------------------------------------------------
   Cr2   Cr2   ( -2,  -3,   0)  0.3293   (-1.871, -9.724,  0.000)  9.902 
J_iso:  0.3293 
----------------------------------------------------------------------------------------
   Cr1   Cr1   (  2,   3,   0)  0.0599   ( 1.871,  9.724,  0.000)  9.902 
J_iso:  0.0599 
----------------------------------------------------------------------------------------
   Cr2   Cr2   (  2,   3,   0)  0.3293   ( 1.871,  9.724,  0.000)  9.902 
J_iso:  0.3293 
----------------------------------------------------------------------------------------
   Cr1   Cr1   ( -2,   1,   0)  0.0617   (-9.357,  3.241,  0.000)  9.902 
J_iso:  0.0617 
----------------------------------------------------------------------------------------
   Cr2   Cr2   ( -2,   1,   0)  0.3267   (-9.357,  3.241,  0.000)  9.902 
J_iso:  0.3267 
----------------------------------------------------------------------------------------
   Cr1   Cr1   (  2,  -1,   0)  0.0617   ( 9.357, -3.241,  0.000)  9.902 
J_iso:  0.0617 
----------------------------------------------------------------------------------------
   Cr2   Cr2   (  2,  -1,   0)  0.3267   ( 9.357, -3.241,  0.000)  9.902 
J_iso:  0.3267 
----------------------------------------------------------------------------------------
   Cr2   Cr2   ( -3,  -2,   0)  0.2775   (-7.485, -6.482,  0.000)  9.902 
J_iso:  0.2775 
----------------------------------------------------------------------------------------
   Cr1   Cr1   ( -3,  -2,   0)  0.0509   (-7.485, -6.482,  0.000)  9.902 
J_iso:  0.0509 
----------------------------------------------------------------------------------------
   Cr1   Cr1   (  3,   2,   0)  0.0509   ( 7.485,  6.482,  0.000)  9.902 
J_iso:  0.0509 
----------------------------------------------------------------------------------------
   Cr2   Cr2   (  3,   2,   0)  0.2775   ( 7.485,  6.482,  0.000)  9.902 
J_iso:  0.2775 
----------------------------------------------------------------------------------------
   Cr1   Cr1   ( -3,  -1,   0)  0.0500   (-9.357, -3.241,  0.000)  9.902 
J_iso:  0.0500 
----------------------------------------------------------------------------------------
   Cr2   Cr2   ( -3,  -1,   0)  0.2724   (-9.357, -3.241,  0.000)  9.902 
J_iso:  0.2724 
----------------------------------------------------------------------------------------
   Cr1   Cr1   (  3,   1,   0)  0.0500   ( 9.357,  3.241,  0.000)  9.902 
J_iso:  0.0500 
----------------------------------------------------------------------------------------
   Cr2   Cr2   (  3,   1,   0)  0.2724   ( 9.357,  3.241,  0.000)  9.902 
J_iso:  0.2724 
