==========================================================================================
Information: 
Exchange parameters generated by TB2J 0.7.7.2
Generation time: 23/12/15 20:39:18
 Input from collinear Wannier90 data.
 Tight binding data from ./. 
 Prefix of wannier function files:cucrse.100.up and cucrse.100.down.
Warning: Please check if the noise level of Wannier function Hamiltonian to make sure it is much smaller than the exchange values.

==========================================================================================
Cell (Angstrom):
3.63360289  -0.00000000  0.00000000
-1.81680145  3.14679241  0.00000000
0.00000000  0.00000000  24.28541500

==========================================================================================
Atoms:  
(Note: charge and magmoms only count the wannier functions.)
Atom number        x             y             z       w_charge  w_magmom 
Cr1             1.81680326    1.04892976    1.30310299    4.6424    3.0167
Cr2            -0.00000182    2.09786266    7.88061912    4.5508    2.8749
Cu1             1.81680326    1.04892976    4.12403538    9.7803   -0.0768
Se1             0.00000000    0.00000000   -0.03742126    4.9431   -0.2005
Se2             1.81680326    1.04892976    6.46217252    5.0010   -0.1866
Se3             0.00000000    0.00000000    9.26484594    4.8517   -0.2432
Se4            -0.00000182    2.09786266    2.87804048    5.2002   -0.0871
Total                                                    38.9695    5.0974

==========================================================================================
Orbitals used in decomposition: 
The name of the orbitals for the decomposition: 
Cr1 : ['orb_1', 'orb_2', 'orb_3', 'orb_4', 'orb_5']
Cr2 : ['orb_1', 'orb_2', 'orb_3', 'orb_4', 'orb_5']

==========================================================================================
Exchange: 
    i      j          R        J_iso(meV)          vector          distance(A) 
----------------------------------------------------------------------------------------
   Cr1   Cr1   (  0,  -1,   0)  5.1132   ( 1.817, -3.147,  0.000)  3.634 
J_iso:  5.1132 
----------------------------------------------------------------------------------------
   Cr2   Cr2   (  0,  -1,   0)  3.5862   ( 1.817, -3.147,  0.000)  3.634 
J_iso:  3.5862 
----------------------------------------------------------------------------------------
   Cr1   Cr1   (  0,   1,   0)  5.1132   (-1.817,  3.147,  0.000)  3.634 
J_iso:  5.1132 
----------------------------------------------------------------------------------------
   Cr2   Cr2   (  0,   1,   0)  3.5862   (-1.817,  3.147,  0.000)  3.634 
J_iso:  3.5862 
----------------------------------------------------------------------------------------
   Cr1   Cr1   ( -1,  -1,   0)  4.9102   (-1.817, -3.147,  0.000)  3.634 
J_iso:  4.9102 
----------------------------------------------------------------------------------------
   Cr2   Cr2   ( -1,  -1,   0)  3.6300   (-1.817, -3.147,  0.000)  3.634 
J_iso:  3.6300 
----------------------------------------------------------------------------------------
   Cr1   Cr1   (  1,   1,   0)  4.9102   ( 1.817,  3.147,  0.000)  3.634 
J_iso:  4.9102 
----------------------------------------------------------------------------------------
   Cr2   Cr2   (  1,   1,   0)  3.6300   ( 1.817,  3.147,  0.000)  3.634 
J_iso:  3.6300 
----------------------------------------------------------------------------------------
   Cr1   Cr1   ( -1,   0,   0)  4.9322   (-3.634,  0.000,  0.000)  3.634 
J_iso:  4.9322 
----------------------------------------------------------------------------------------
   Cr2   Cr2   ( -1,   0,   0)  3.5759   (-3.634,  0.000,  0.000)  3.634 
J_iso:  3.5759 
----------------------------------------------------------------------------------------
   Cr2   Cr2   (  1,   0,   0)  3.5759   ( 3.634,  0.000,  0.000)  3.634 
J_iso:  3.5759 
----------------------------------------------------------------------------------------
   Cr1   Cr1   (  1,   0,   0)  4.9322   ( 3.634,  0.000,  0.000)  3.634 
J_iso:  4.9322 
----------------------------------------------------------------------------------------
   Cr1   Cr1   ( -1,  -2,   0)  0.8554   (-0.000, -6.294,  0.000)  6.294 
J_iso:  0.8554 
----------------------------------------------------------------------------------------
   Cr2   Cr2   ( -1,  -2,   0)  1.2347   (-0.000, -6.294,  0.000)  6.294 
J_iso:  1.2347 
----------------------------------------------------------------------------------------
   Cr1   Cr1   (  1,   2,   0)  0.8554   ( 0.000,  6.294,  0.000)  6.294 
J_iso:  0.8554 
----------------------------------------------------------------------------------------
   Cr2   Cr2   (  1,   2,   0)  1.2347   ( 0.000,  6.294,  0.000)  6.294 
J_iso:  1.2347 
----------------------------------------------------------------------------------------
   Cr1   Cr1   ( -1,   1,   0)  0.8355   (-5.450,  3.147,  0.000)  6.294 
J_iso:  0.8355 
----------------------------------------------------------------------------------------
   Cr2   Cr2   ( -1,   1,   0)  1.2268   (-5.450,  3.147,  0.000)  6.294 
J_iso:  1.2268 
----------------------------------------------------------------------------------------
   Cr1   Cr1   (  1,  -1,   0)  0.8355   ( 5.450, -3.147,  0.000)  6.294 
J_iso:  0.8355 
----------------------------------------------------------------------------------------
   Cr2   Cr2   (  1,  -1,   0)  1.2268   ( 5.450, -3.147,  0.000)  6.294 
J_iso:  1.2268 
----------------------------------------------------------------------------------------
   Cr1   Cr1   ( -2,  -1,   0)  0.8606   (-5.450, -3.147,  0.000)  6.294 
J_iso:  0.8606 
----------------------------------------------------------------------------------------
   Cr2   Cr2   ( -2,  -1,   0)  1.2280   (-5.450, -3.147,  0.000)  6.294 
J_iso:  1.2280 
----------------------------------------------------------------------------------------
   Cr1   Cr1   (  2,   1,   0)  0.8606   ( 5.450,  3.147,  0.000)  6.294 
J_iso:  0.8606 
----------------------------------------------------------------------------------------
   Cr2   Cr2   (  2,   1,   0)  1.2280   ( 5.450,  3.147,  0.000)  6.294 
J_iso:  1.2280 
----------------------------------------------------------------------------------------
   Cr1   Cr2   (  0,  -1,   0)  1.1316   (-0.000, -2.098,  6.578)  6.904 
J_iso:  1.1316 
----------------------------------------------------------------------------------------
   Cr2   Cr1   (  0,   1,   0)  1.1316   ( 0.000,  2.098, -6.578)  6.904 
J_iso:  1.1316 
----------------------------------------------------------------------------------------
   Cr2   Cr1   ( -1,   0,   0)  1.1519   (-1.817, -1.049, -6.578)  6.904 
J_iso:  1.1519 
----------------------------------------------------------------------------------------
   Cr1   Cr2   (  1,   0,   0)  1.1519   ( 1.817,  1.049,  6.578)  6.904 
J_iso:  1.1519 
----------------------------------------------------------------------------------------
   Cr1   Cr2   (  0,   0,   0)  1.1322   (-1.817,  1.049,  6.578)  6.904 
J_iso:  1.1322 
----------------------------------------------------------------------------------------
   Cr2   Cr1   (  0,   0,   0)  1.1322   ( 1.817, -1.049, -6.578)  6.904 
J_iso:  1.1322 
----------------------------------------------------------------------------------------
   Cr2   Cr2   (  0,  -2,   0)  0.5811   ( 3.634, -6.294,  0.000)  7.267 
J_iso:  0.5811 
----------------------------------------------------------------------------------------
   Cr1   Cr1   (  0,   2,   0) -0.5387   (-3.634,  6.294,  0.000)  7.267 
J_iso: -0.5387 
----------------------------------------------------------------------------------------
   Cr2   Cr2   (  0,   2,   0)  0.5811   (-3.634,  6.294,  0.000)  7.267 
J_iso:  0.5811 
----------------------------------------------------------------------------------------
   Cr1   Cr1   (  0,  -2,   0) -0.5387   ( 3.634, -6.294,  0.000)  7.267 
J_iso: -0.5387 
----------------------------------------------------------------------------------------
   Cr1   Cr1   ( -2,  -2,   0) -0.4497   (-3.634, -6.294,  0.000)  7.267 
J_iso: -0.4497 
----------------------------------------------------------------------------------------
   Cr2   Cr2   ( -2,  -2,   0)  0.5490   (-3.634, -6.294,  0.000)  7.267 
J_iso:  0.5490 
----------------------------------------------------------------------------------------
   Cr1   Cr1   (  2,   2,   0) -0.4497   ( 3.634,  6.294,  0.000)  7.267 
J_iso: -0.4497 
----------------------------------------------------------------------------------------
   Cr2   Cr2   (  2,   2,   0)  0.5490   ( 3.634,  6.294,  0.000)  7.267 
J_iso:  0.5490 
----------------------------------------------------------------------------------------
   Cr1   Cr1   ( -2,   0,   0) -0.4610   (-7.267,  0.000,  0.000)  7.267 
J_iso: -0.4610 
----------------------------------------------------------------------------------------
   Cr2   Cr2   ( -2,   0,   0)  0.5639   (-7.267,  0.000,  0.000)  7.267 
J_iso:  0.5639 
----------------------------------------------------------------------------------------
   Cr1   Cr1   (  2,   0,   0) -0.4610   ( 7.267,  0.000,  0.000)  7.267 
J_iso: -0.4610 
----------------------------------------------------------------------------------------
   Cr2   Cr2   (  2,   0,   0)  0.5639   ( 7.267,  0.000,  0.000)  7.267 
J_iso:  0.5639 
----------------------------------------------------------------------------------------
   Cr1   Cr2   (  1,  -1,   0) -0.5216   ( 3.634, -2.098,  6.578)  7.802 
J_iso: -0.5216 
----------------------------------------------------------------------------------------
   Cr2   Cr1   ( -1,   1,   0) -0.5216   (-3.634,  2.098, -6.578)  7.802 
J_iso: -0.5216 
----------------------------------------------------------------------------------------
   Cr2   Cr1   ( -1,  -1,   0) -0.5273   ( 0.000, -4.196, -6.578)  7.802 
J_iso: -0.5273 
----------------------------------------------------------------------------------------
   Cr1   Cr2   (  1,   1,   0) -0.5273   (-0.000,  4.196,  6.578)  7.802 
J_iso: -0.5273 
----------------------------------------------------------------------------------------
   Cr1   Cr2   ( -1,  -1,   0) -0.5354   (-3.634, -2.098,  6.578)  7.802 
J_iso: -0.5354 
----------------------------------------------------------------------------------------
   Cr2   Cr1   (  1,   1,   0) -0.5354   ( 3.634,  2.098, -6.578)  7.802 
J_iso: -0.5354 
----------------------------------------------------------------------------------------
   Cr1   Cr2   (  0,  -2,   0)  0.2507   ( 1.817, -5.245,  6.578)  8.606 
J_iso:  0.2507 
----------------------------------------------------------------------------------------
   Cr2   Cr1   (  0,   2,   0)  0.2507   (-1.817,  5.245, -6.578)  8.606 
J_iso:  0.2507 
----------------------------------------------------------------------------------------
   Cr2   Cr1   ( -2,   0,   0)  0.2424   (-5.450, -1.049, -6.578)  8.606 
J_iso:  0.2424 
----------------------------------------------------------------------------------------
   Cr1   Cr2   (  2,   0,   0)  0.2424   ( 5.450,  1.049,  6.578)  8.606 
J_iso:  0.2424 
----------------------------------------------------------------------------------------
   Cr1   Cr2   ( -1,  -2,   0)  0.2450   (-1.817, -5.245,  6.578)  8.606 
J_iso:  0.2450 
----------------------------------------------------------------------------------------
   Cr2   Cr1   (  1,   2,   0)  0.2450   ( 1.817,  5.245, -6.578)  8.606 
J_iso:  0.2450 
----------------------------------------------------------------------------------------
   Cr2   Cr1   ( -2,  -1,   0)  0.2471   (-3.634, -4.196, -6.578)  8.606 
J_iso:  0.2471 
----------------------------------------------------------------------------------------
   Cr1   Cr2   (  2,   1,   0)  0.2471   ( 3.634,  4.196,  6.578)  8.606 
J_iso:  0.2471 
----------------------------------------------------------------------------------------
   Cr2   Cr1   (  0,  -1,   0)  0.2479   ( 3.634, -4.196, -6.578)  8.606 
J_iso:  0.2479 
----------------------------------------------------------------------------------------
   Cr1   Cr2   (  0,   1,   0)  0.2479   (-3.634,  4.196,  6.578)  8.606 
J_iso:  0.2479 
----------------------------------------------------------------------------------------
   Cr1   Cr2   ( -1,   0,   0)  0.2443   (-5.450,  1.049,  6.578)  8.606 
J_iso:  0.2443 
----------------------------------------------------------------------------------------
   Cr2   Cr1   (  1,   0,   0)  0.2443   ( 5.450, -1.049, -6.578)  8.606 
J_iso:  0.2443 
----------------------------------------------------------------------------------------
   Cr1   Cr1   ( -1,  -3,   0)  0.0712   ( 1.817, -9.440,  0.000)  9.614 
J_iso:  0.0712 
----------------------------------------------------------------------------------------
   Cr2   Cr2   ( -1,  -3,   0)  0.3310   ( 1.817, -9.440,  0.000)  9.614 
J_iso:  0.3310 
----------------------------------------------------------------------------------------
   Cr1   Cr1   (  1,   3,   0)  0.0712   (-1.817,  9.440,  0.000)  9.614 
J_iso:  0.0712 
----------------------------------------------------------------------------------------
   Cr2   Cr2   (  1,   3,   0)  0.3310   (-1.817,  9.440,  0.000)  9.614 
J_iso:  0.3310 
----------------------------------------------------------------------------------------
   Cr1   Cr1   ( -1,   2,   0)  0.0699   (-7.267,  6.294,  0.000)  9.614 
J_iso:  0.0699 
----------------------------------------------------------------------------------------
   Cr2   Cr2   ( -1,   2,   0)  0.3286   (-7.267,  6.294,  0.000)  9.614 
J_iso:  0.3286 
----------------------------------------------------------------------------------------
   Cr1   Cr1   (  1,  -2,   0)  0.0699   ( 7.267, -6.294,  0.000)  9.614 
J_iso:  0.0699 
----------------------------------------------------------------------------------------
   Cr2   Cr2   (  1,  -2,   0)  0.3286   ( 7.267, -6.294,  0.000)  9.614 
J_iso:  0.3286 
----------------------------------------------------------------------------------------
   Cr1   Cr1   ( -2,  -3,   0)  0.0784   (-1.817, -9.440,  0.000)  9.614 
J_iso:  0.0784 
----------------------------------------------------------------------------------------
   Cr2   Cr2   ( -2,  -3,   0)  0.3318   (-1.817, -9.440,  0.000)  9.614 
J_iso:  0.3318 
----------------------------------------------------------------------------------------
   Cr1   Cr1   (  2,   3,   0)  0.0784   ( 1.817,  9.440,  0.000)  9.614 
J_iso:  0.0784 
----------------------------------------------------------------------------------------
   Cr2   Cr2   (  2,   3,   0)  0.3318   ( 1.817,  9.440,  0.000)  9.614 
J_iso:  0.3318 
----------------------------------------------------------------------------------------
   Cr1   Cr1   ( -2,   1,   0)  0.0797   (-9.084,  3.147,  0.000)  9.614 
J_iso:  0.0797 
----------------------------------------------------------------------------------------
   Cr2   Cr2   ( -2,   1,   0)  0.3259   (-9.084,  3.147,  0.000)  9.614 
J_iso:  0.3259 
----------------------------------------------------------------------------------------
   Cr1   Cr1   (  2,  -1,   0)  0.0797   ( 9.084, -3.147,  0.000)  9.614 
J_iso:  0.0797 
----------------------------------------------------------------------------------------
   Cr2   Cr2   (  2,  -1,   0)  0.3259   ( 9.084, -3.147,  0.000)  9.614 
J_iso:  0.3259 
----------------------------------------------------------------------------------------
   Cr1   Cr1   ( -3,  -2,   0)  0.0728   (-7.267, -6.294,  0.000)  9.614 
J_iso:  0.0728 
----------------------------------------------------------------------------------------
   Cr2   Cr2   ( -3,  -2,   0)  0.3392   (-7.267, -6.294,  0.000)  9.614 
J_iso:  0.3392 
----------------------------------------------------------------------------------------
   Cr2   Cr2   (  3,   2,   0)  0.3392   ( 7.267,  6.294,  0.000)  9.614 
J_iso:  0.3392 
----------------------------------------------------------------------------------------
   Cr1   Cr1   (  3,   2,   0)  0.0728   ( 7.267,  6.294,  0.000)  9.614 
J_iso:  0.0728 
----------------------------------------------------------------------------------------
   Cr1   Cr1   ( -3,  -1,   0)  0.0735   (-9.084, -3.147,  0.000)  9.614 
J_iso:  0.0735 
----------------------------------------------------------------------------------------
   Cr2   Cr2   ( -3,  -1,   0)  0.3330   (-9.084, -3.147,  0.000)  9.614 
J_iso:  0.3330 
----------------------------------------------------------------------------------------
   Cr1   Cr1   (  3,   1,   0)  0.0735   ( 9.084,  3.147,  0.000)  9.614 
J_iso:  0.0735 
----------------------------------------------------------------------------------------
   Cr2   Cr2   (  3,   1,   0)  0.3330   ( 9.084,  3.147,  0.000)  9.614 
J_iso:  0.3330 
