==========================================================================================
Information: 
Exchange parameters generated by TB2J 0.7.7.2
Generation time: 23/12/15 20:13:08
 Input from collinear Wannier90 data.
 Tight binding data from ./. 
 Prefix of wannier function files:cucrse.97.up and cucrse.97.down.
Warning: Please check if the noise level of Wannier function Hamiltonian to make sure it is much smaller than the exchange values.

==========================================================================================
Cell (Angstrom):
3.52459481  -0.00000000  0.00000000
-1.76229740  3.05238864  0.00000000
0.00000000  0.00000000  24.28541500

==========================================================================================
Atoms:  
(Note: charge and magmoms only count the wannier functions.)
Atom number        x             y             z       w_charge  w_magmom 
Cr1             1.76229917    1.01746186    1.30310299    4.7219    2.9480
Cr2            -0.00000176    2.03492678    7.88061912    4.6055    2.7620
Cu1             1.76229917    1.01746186    4.12403538    9.7874   -0.0506
Se1             0.00000000    0.00000000   -0.03742126    4.9165   -0.1496
Se2             1.76229917    1.01746186    6.46217252    4.9623   -0.1342
Se3             0.00000000    0.00000000    9.26484594    4.8244   -0.1830
Se4            -0.00000176    2.03492678    2.87804048    5.1832   -0.0363
Total                                                    39.0013    5.1564

==========================================================================================
Orbitals used in decomposition: 
The name of the orbitals for the decomposition: 
Cr1 : ['orb_1', 'orb_2', 'orb_3', 'orb_4', 'orb_5']
Cr2 : ['orb_1', 'orb_2', 'orb_3', 'orb_4', 'orb_5']

==========================================================================================
Exchange: 
    i      j          R        J_iso(meV)          vector          distance(A) 
----------------------------------------------------------------------------------------
   Cr1   Cr1   (  0,   1,   0)  0.4630   (-1.762,  3.052,  0.000)  3.525 
J_iso:  0.4630 
----------------------------------------------------------------------------------------
   Cr1   Cr1   (  0,  -1,   0)  0.4630   ( 1.762, -3.052,  0.000)  3.525 
J_iso:  0.4630 
----------------------------------------------------------------------------------------
   Cr2   Cr2   (  0,  -1,   0)  0.4926   ( 1.762, -3.052,  0.000)  3.525 
J_iso:  0.4926 
----------------------------------------------------------------------------------------
   Cr2   Cr2   (  0,   1,   0)  0.4926   (-1.762,  3.052,  0.000)  3.525 
J_iso:  0.4926 
----------------------------------------------------------------------------------------
   Cr1   Cr1   (  1,   1,   0)  0.4265   ( 1.762,  3.052,  0.000)  3.525 
J_iso:  0.4265 
----------------------------------------------------------------------------------------
   Cr2   Cr2   ( -1,  -1,   0)  0.5319   (-1.762, -3.052,  0.000)  3.525 
J_iso:  0.5319 
----------------------------------------------------------------------------------------
   Cr2   Cr2   (  1,   1,   0)  0.5319   ( 1.762,  3.052,  0.000)  3.525 
J_iso:  0.5319 
----------------------------------------------------------------------------------------
   Cr1   Cr1   ( -1,  -1,   0)  0.4265   (-1.762, -3.052,  0.000)  3.525 
J_iso:  0.4265 
----------------------------------------------------------------------------------------
   Cr1   Cr1   ( -1,   0,   0)  0.4310   (-3.525,  0.000,  0.000)  3.525 
J_iso:  0.4310 
----------------------------------------------------------------------------------------
   Cr2   Cr2   ( -1,   0,   0)  0.4680   (-3.525,  0.000,  0.000)  3.525 
J_iso:  0.4680 
----------------------------------------------------------------------------------------
   Cr1   Cr1   (  1,   0,   0)  0.4310   ( 3.525,  0.000,  0.000)  3.525 
J_iso:  0.4310 
----------------------------------------------------------------------------------------
   Cr2   Cr2   (  1,   0,   0)  0.4680   ( 3.525,  0.000,  0.000)  3.525 
J_iso:  0.4680 
----------------------------------------------------------------------------------------
   Cr2   Cr2   (  1,   2,   0)  1.3810   ( 0.000,  6.105,  0.000)  6.105 
J_iso:  1.3810 
----------------------------------------------------------------------------------------
   Cr1   Cr1   ( -1,  -2,   0)  1.1358   (-0.000, -6.105,  0.000)  6.105 
J_iso:  1.1358 
----------------------------------------------------------------------------------------
   Cr1   Cr1   (  1,   2,   0)  1.1358   ( 0.000,  6.105,  0.000)  6.105 
J_iso:  1.1358 
----------------------------------------------------------------------------------------
   Cr2   Cr2   ( -1,  -2,   0)  1.3810   (-0.000, -6.105,  0.000)  6.105 
J_iso:  1.3810 
----------------------------------------------------------------------------------------
   Cr1   Cr1   ( -1,   1,   0)  1.1352   (-5.287,  3.052,  0.000)  6.105 
J_iso:  1.1352 
----------------------------------------------------------------------------------------
   Cr2   Cr2   ( -1,   1,   0)  1.3697   (-5.287,  3.052,  0.000)  6.105 
J_iso:  1.3697 
----------------------------------------------------------------------------------------
   Cr2   Cr2   (  1,  -1,   0)  1.3697   ( 5.287, -3.052,  0.000)  6.105 
J_iso:  1.3697 
----------------------------------------------------------------------------------------
   Cr1   Cr1   (  1,  -1,   0)  1.1352   ( 5.287, -3.052,  0.000)  6.105 
J_iso:  1.1352 
----------------------------------------------------------------------------------------
   Cr1   Cr1   (  2,   1,   0)  1.1502   ( 5.287,  3.052,  0.000)  6.105 
J_iso:  1.1502 
----------------------------------------------------------------------------------------
   Cr1   Cr1   ( -2,  -1,   0)  1.1502   (-5.287, -3.052,  0.000)  6.105 
J_iso:  1.1502 
----------------------------------------------------------------------------------------
   Cr2   Cr2   ( -2,  -1,   0)  1.3762   (-5.287, -3.052,  0.000)  6.105 
J_iso:  1.3762 
----------------------------------------------------------------------------------------
   Cr2   Cr2   (  2,   1,   0)  1.3762   ( 5.287,  3.052,  0.000)  6.105 
J_iso:  1.3762 
----------------------------------------------------------------------------------------
   Cr1   Cr2   (  0,  -1,   0)  0.9894   (-0.000, -2.035,  6.578)  6.885 
J_iso:  0.9894 
----------------------------------------------------------------------------------------
   Cr2   Cr1   (  0,   1,   0)  0.9894   ( 0.000,  2.035, -6.578)  6.885 
J_iso:  0.9894 
----------------------------------------------------------------------------------------
   Cr2   Cr1   ( -1,   0,   0)  1.0036   (-1.762, -1.017, -6.578)  6.885 
J_iso:  1.0036 
----------------------------------------------------------------------------------------
   Cr1   Cr2   (  1,   0,   0)  1.0036   ( 1.762,  1.017,  6.578)  6.885 
J_iso:  1.0036 
----------------------------------------------------------------------------------------
   Cr1   Cr2   (  0,   0,   0)  0.9921   (-1.762,  1.017,  6.578)  6.885 
J_iso:  0.9921 
----------------------------------------------------------------------------------------
   Cr2   Cr1   (  0,   0,   0)  0.9921   ( 1.762, -1.017, -6.578)  6.885 
J_iso:  0.9921 
----------------------------------------------------------------------------------------
   Cr2   Cr2   (  0,   2,   0)  0.5358   (-3.525,  6.105,  0.000)  7.049 
J_iso:  0.5358 
----------------------------------------------------------------------------------------
   Cr1   Cr1   (  0,  -2,   0) -0.9360   ( 3.525, -6.105,  0.000)  7.049 
J_iso: -0.9360 
----------------------------------------------------------------------------------------
   Cr2   Cr2   (  0,  -2,   0)  0.5358   ( 3.525, -6.105,  0.000)  7.049 
J_iso:  0.5358 
----------------------------------------------------------------------------------------
   Cr1   Cr1   (  0,   2,   0) -0.9360   (-3.525,  6.105,  0.000)  7.049 
J_iso: -0.9360 
----------------------------------------------------------------------------------------
   Cr2   Cr2   (  2,   2,   0)  0.5079   ( 3.525,  6.105,  0.000)  7.049 
J_iso:  0.5079 
----------------------------------------------------------------------------------------
   Cr1   Cr1   ( -2,  -2,   0) -0.8982   (-3.525, -6.105,  0.000)  7.049 
J_iso: -0.8982 
----------------------------------------------------------------------------------------
   Cr1   Cr1   (  2,   2,   0) -0.8982   ( 3.525,  6.105,  0.000)  7.049 
J_iso: -0.8982 
----------------------------------------------------------------------------------------
   Cr2   Cr2   ( -2,  -2,   0)  0.5079   (-3.525, -6.105,  0.000)  7.049 
J_iso:  0.5079 
----------------------------------------------------------------------------------------
   Cr1   Cr1   ( -2,   0,   0) -0.9103   (-7.049,  0.000,  0.000)  7.049 
J_iso: -0.9103 
----------------------------------------------------------------------------------------
   Cr2   Cr2   ( -2,   0,   0)  0.5265   (-7.049,  0.000,  0.000)  7.049 
J_iso:  0.5265 
----------------------------------------------------------------------------------------
   Cr1   Cr1   (  2,   0,   0) -0.9103   ( 7.049,  0.000,  0.000)  7.049 
J_iso: -0.9103 
----------------------------------------------------------------------------------------
   Cr2   Cr2   (  2,   0,   0)  0.5265   ( 7.049,  0.000,  0.000)  7.049 
J_iso:  0.5265 
----------------------------------------------------------------------------------------
   Cr2   Cr1   ( -1,   1,   0) -0.5322   (-3.525,  2.035, -6.578)  7.735 
J_iso: -0.5322 
----------------------------------------------------------------------------------------
   Cr1   Cr2   (  1,  -1,   0) -0.5322   ( 3.525, -2.035,  6.578)  7.735 
J_iso: -0.5322 
----------------------------------------------------------------------------------------
   Cr2   Cr1   ( -1,  -1,   0) -0.5399   ( 0.000, -4.070, -6.578)  7.735 
J_iso: -0.5399 
----------------------------------------------------------------------------------------
   Cr1   Cr2   (  1,   1,   0) -0.5399   (-0.000,  4.070,  6.578)  7.735 
J_iso: -0.5399 
----------------------------------------------------------------------------------------
   Cr1   Cr2   ( -1,  -1,   0) -0.5353   (-3.525, -2.035,  6.578)  7.735 
J_iso: -0.5353 
----------------------------------------------------------------------------------------
   Cr2   Cr1   (  1,   1,   0) -0.5353   ( 3.525,  2.035, -6.578)  7.735 
J_iso: -0.5353 
----------------------------------------------------------------------------------------
   Cr1   Cr2   (  0,  -2,   0)  0.3086   ( 1.762, -5.087,  6.578)  8.500 
J_iso:  0.3086 
----------------------------------------------------------------------------------------
   Cr2   Cr1   (  0,   2,   0)  0.3086   (-1.762,  5.087, -6.578)  8.500 
J_iso:  0.3086 
----------------------------------------------------------------------------------------
   Cr2   Cr1   ( -2,   0,   0)  0.3067   (-5.287, -1.017, -6.578)  8.500 
J_iso:  0.3067 
----------------------------------------------------------------------------------------
   Cr1   Cr2   (  2,   0,   0)  0.3067   ( 5.287,  1.017,  6.578)  8.500 
J_iso:  0.3067 
----------------------------------------------------------------------------------------
   Cr2   Cr1   (  1,   2,   0)  0.3100   ( 1.762,  5.087, -6.578)  8.500 
J_iso:  0.3100 
----------------------------------------------------------------------------------------
   Cr1   Cr2   ( -1,  -2,   0)  0.3100   (-1.762, -5.087,  6.578)  8.500 
J_iso:  0.3100 
----------------------------------------------------------------------------------------
   Cr1   Cr2   (  2,   1,   0)  0.3106   ( 3.525,  4.070,  6.578)  8.500 
J_iso:  0.3106 
----------------------------------------------------------------------------------------
   Cr2   Cr1   ( -2,  -1,   0)  0.3106   (-3.525, -4.070, -6.578)  8.500 
J_iso:  0.3106 
----------------------------------------------------------------------------------------
   Cr2   Cr1   (  0,  -1,   0)  0.3105   ( 3.525, -4.070, -6.578)  8.500 
J_iso:  0.3105 
----------------------------------------------------------------------------------------
   Cr1   Cr2   (  0,   1,   0)  0.3105   (-3.525,  4.070,  6.578)  8.500 
J_iso:  0.3105 
----------------------------------------------------------------------------------------
   Cr1   Cr2   ( -1,   0,   0)  0.3084   (-5.287,  1.017,  6.578)  8.500 
J_iso:  0.3084 
----------------------------------------------------------------------------------------
   Cr2   Cr1   (  1,   0,   0)  0.3084   ( 5.287, -1.017, -6.578)  8.500 
J_iso:  0.3084 
----------------------------------------------------------------------------------------
   Cr1   Cr1   ( -1,  -3,   0)  0.0455   ( 1.762, -9.157,  0.000)  9.325 
J_iso:  0.0455 
----------------------------------------------------------------------------------------
   Cr2   Cr2   ( -1,  -3,   0)  0.3450   ( 1.762, -9.157,  0.000)  9.325 
J_iso:  0.3450 
----------------------------------------------------------------------------------------
   Cr1   Cr1   (  1,   3,   0)  0.0455   (-1.762,  9.157,  0.000)  9.325 
J_iso:  0.0455 
----------------------------------------------------------------------------------------
   Cr2   Cr2   (  1,   3,   0)  0.3450   (-1.762,  9.157,  0.000)  9.325 
J_iso:  0.3450 
----------------------------------------------------------------------------------------
   Cr1   Cr1   ( -1,   2,   0)  0.0447   (-7.049,  6.105,  0.000)  9.325 
J_iso:  0.0447 
----------------------------------------------------------------------------------------
   Cr2   Cr2   ( -1,   2,   0)  0.3426   (-7.049,  6.105,  0.000)  9.325 
J_iso:  0.3426 
----------------------------------------------------------------------------------------
   Cr1   Cr1   (  1,  -2,   0)  0.0447   ( 7.049, -6.105,  0.000)  9.325 
J_iso:  0.0447 
----------------------------------------------------------------------------------------
   Cr2   Cr2   (  1,  -2,   0)  0.3426   ( 7.049, -6.105,  0.000)  9.325 
J_iso:  0.3426 
----------------------------------------------------------------------------------------
   Cr1   Cr1   ( -2,  -3,   0)  0.0384   (-1.762, -9.157,  0.000)  9.325 
J_iso:  0.0384 
----------------------------------------------------------------------------------------
   Cr2   Cr2   ( -2,  -3,   0)  0.3382   (-1.762, -9.157,  0.000)  9.325 
J_iso:  0.3382 
----------------------------------------------------------------------------------------
   Cr1   Cr1   (  2,   3,   0)  0.0384   ( 1.762,  9.157,  0.000)  9.325 
J_iso:  0.0384 
----------------------------------------------------------------------------------------
   Cr2   Cr2   (  2,   3,   0)  0.3382   ( 1.762,  9.157,  0.000)  9.325 
J_iso:  0.3382 
----------------------------------------------------------------------------------------
   Cr1   Cr1   ( -2,   1,   0)  0.0433   (-8.811,  3.052,  0.000)  9.325 
J_iso:  0.0433 
----------------------------------------------------------------------------------------
   Cr2   Cr2   ( -2,   1,   0)  0.3367   (-8.811,  3.052,  0.000)  9.325 
J_iso:  0.3367 
----------------------------------------------------------------------------------------
   Cr1   Cr1   (  2,  -1,   0)  0.0433   ( 8.811, -3.052,  0.000)  9.325 
J_iso:  0.0433 
----------------------------------------------------------------------------------------
   Cr2   Cr2   (  2,  -1,   0)  0.3367   ( 8.811, -3.052,  0.000)  9.325 
J_iso:  0.3367 
----------------------------------------------------------------------------------------
   Cr1   Cr1   ( -3,  -2,   0)  0.0401   (-7.049, -6.105,  0.000)  9.325 
J_iso:  0.0401 
----------------------------------------------------------------------------------------
   Cr2   Cr2   ( -3,  -2,   0)  0.3558   (-7.049, -6.105,  0.000)  9.325 
J_iso:  0.3558 
----------------------------------------------------------------------------------------
   Cr1   Cr1   (  3,   2,   0)  0.0401   ( 7.049,  6.105,  0.000)  9.325 
J_iso:  0.0401 
----------------------------------------------------------------------------------------
   Cr2   Cr2   (  3,   2,   0)  0.3558   ( 7.049,  6.105,  0.000)  9.325 
J_iso:  0.3558 
----------------------------------------------------------------------------------------
   Cr1   Cr1   (  3,   1,   0)  0.0455   ( 8.811,  3.052,  0.000)  9.325 
J_iso:  0.0455 
----------------------------------------------------------------------------------------
   Cr1   Cr1   ( -3,  -1,   0)  0.0455   (-8.811, -3.052,  0.000)  9.325 
J_iso:  0.0455 
----------------------------------------------------------------------------------------
   Cr2   Cr2   ( -3,  -1,   0)  0.3498   (-8.811, -3.052,  0.000)  9.325 
J_iso:  0.3498 
----------------------------------------------------------------------------------------
   Cr2   Cr2   (  3,   1,   0)  0.3498   ( 8.811,  3.052,  0.000)  9.325 
J_iso:  0.3498 
----------------------------------------------------------------------------------------
   Cr2   Cr1   ( -1,   2,   0)  0.1426   (-5.287,  5.087, -6.578)  9.854 
J_iso:  0.1426 
----------------------------------------------------------------------------------------
   Cr1   Cr2   (  1,  -2,   0)  0.1426   ( 5.287, -5.087,  6.578)  9.854 
J_iso:  0.1426 
----------------------------------------------------------------------------------------
   Cr2   Cr1   ( -2,   1,   0)  0.1415   (-7.049,  2.035, -6.578)  9.854 
J_iso:  0.1415 
----------------------------------------------------------------------------------------
   Cr1   Cr2   (  2,  -1,   0)  0.1415   ( 7.049, -2.035,  6.578)  9.854 
J_iso:  0.1415 
----------------------------------------------------------------------------------------
   Cr2   Cr1   ( -2,  -2,   0)  0.1442   (-1.762, -7.122, -6.578)  9.854 
J_iso:  0.1442 
----------------------------------------------------------------------------------------
   Cr1   Cr2   (  2,   2,   0)  0.1442   ( 1.762,  7.122,  6.578)  9.854 
J_iso:  0.1442 
----------------------------------------------------------------------------------------
   Cr1   Cr2   ( -2,  -2,   0)  0.1387   (-5.287, -5.087,  6.578)  9.854 
J_iso:  0.1387 
----------------------------------------------------------------------------------------
   Cr2   Cr1   (  2,   2,   0)  0.1387   ( 5.287,  5.087, -6.578)  9.854 
J_iso:  0.1387 
----------------------------------------------------------------------------------------
   Cr2   Cr1   ( -1,  -2,   0)  0.1453   ( 1.762, -7.122, -6.578)  9.854 
J_iso:  0.1453 
----------------------------------------------------------------------------------------
   Cr1   Cr2   (  1,   2,   0)  0.1453   (-1.762,  7.122,  6.578)  9.854 
J_iso:  0.1453 
----------------------------------------------------------------------------------------
   Cr1   Cr2   ( -2,  -1,   0)  0.1401   (-7.049, -2.035,  6.578)  9.854 
J_iso:  0.1401 
----------------------------------------------------------------------------------------
   Cr2   Cr1   (  2,   1,   0)  0.1401   ( 7.049,  2.035, -6.578)  9.854 
J_iso:  0.1401 
